Install colorama if console colors are preferred.
{"levelname": "INFO", "asctime": "2020-03-18 10:17:02,473", "name": "controller.publisher", "filename": "publisher.py", "message": "Producing to topic 'ccx.ocp.results' on brokers ['platform-mq-qa-kafka-bootstrap.platform-mq-qa.svc:9092']"}
{"levelname": "INFO", "asctime": "2020-03-18 10:17:02,476", "name": "controller.consumer", "filename": "consumer.py", "message": "Consuming topic 'platform.upload.buckit' from brokers ['platform-mq-qa-kafka-bootstrap.platform-mq-qa.svc:9092'] as group 'ccx_data_pipeline_app'"}
{"levelname": "INFO", "asctime": "2020-03-18 10:17:02,773", "name": "controller.watchers.consumer_watcher", "filename": "consumer_watcher.py", "message": "ConsumerWatcher created and listening on port 8000"}
{"levelname": "WARNING", "asctime": "2020-03-18 10:17:40,271", "name": "kafka.coordinator", "filename": "base.py", "message": "Heartbeat failed for group ccx_data_pipeline_app because it is rebalancing"}
{"levelname": "DEBUG", "asctime": "2020-03-18 11:54:58,914", "name": "controller.consumer", "filename": "consumer.py", "message": "JSON schema validated"}
{"levelname": "DEBUG", "asctime": "2020-03-18 11:54:58,916", "name": "controller.consumer", "filename": "consumer.py", "message": "Identity schema validated"}
{"levelname": "DEBUG", "asctime": "2020-03-18 11:54:58,916", "name": "controller.consumer", "filename": "consumer.py", "message": "Extracted URL from input message: https://insights-dev-upload-perm.s3.minio.local.net"}
{"levelname": "DEBUG", "asctime": "2020-03-18 11:54:58,916", "name": "insights_messaging.consumers", "filename": "__init__.py", "message": "Downloading https://insights-dev-upload-perm.s3.minio.local.net"}
{"levelname": "DEBUG", "asctime": "2020-03-18 11:54:58,991", "name": "insights_messaging.consumers", "filename": "__init__.py", "message": "Saved https://insights-dev-upload-perm.s3.minio.local.net"}
{"levelname": "DEBUG", "asctime": "2020-03-18 11:55:00,476", "name": "controller.publisher", "filename": "publisher.py", "message": "Sending response to the ccx.ocp.results topic."}
{"levelname": "DEBUG", "asctime": "2020-03-18 11:55:00,477", "name": "controller.publisher", "filename": "publisher.py", "message": "Message has been sent successfully."}
{"levelname": "INFO", "asctime": "2020-03-18 11:55:00,478", "name": "controller.publisher", "filename": "publisher.py", "message": "Status: Success; Topic: platform.upload.buckit; Partition: 1; Offset: 13; LastChecked: 2020-03-18T11:54:57.896175744Z"}
{"levelname": "DEBUG", "asctime": "2020-03-18 11:55:03,635", "name": "controller.consumer", "filename": "consumer.py", "message": "JSON schema validated"}
{"levelname": "DEBUG", "asctime": "2020-03-18 11:55:03,637", "name": "controller.consumer", "filename": "consumer.py", "message": "Identity schema validated"}
{"levelname": "DEBUG", "asctime": "2020-03-18 11:55:03,637", "name": "controller.consumer", "filename": "consumer.py", "message": "Extracted URL from input message: https://insights-dev-upload-perm.s3.minio.local.net"}
{"levelname": "DEBUG", "asctime": "2020-03-18 11:55:03,637", "name": "insights_messaging.consumers", "filename": "__init__.py", "message": "Downloading https://insights-dev-upload-perm.s3.minio.local.net"}
{"levelname": "DEBUG", "asctime": "2020-03-18 11:55:03,693", "name": "insights_messaging.consumers", "filename": "__init__.py", "message": "Saved https://insights-dev-upload-perm.s3.minio.local.net"}
{"levelname": "DEBUG", "asctime": "2020-03-18 11:55:03,983", "name": "controller.publisher", "filename": "publisher.py", "message": "Sending response to the ccx.ocp.results topic."}
{"levelname": "DEBUG", "asctime": "2020-03-18 11:55:03,984", "name": "controller.publisher", "filename": "publisher.py", "message": "Message has been sent successfully."}
{"levelname": "INFO", "asctime": "2020-03-18 11:55:03,984", "name": "controller.publisher", "filename": "publisher.py", "message": "Status: Success; Topic: platform.upload.buckit; Partition: 2; Offset: 12; LastChecked: 2020-03-18T11:55:02.619631351Z"}
{"levelname": "DEBUG", "asctime": "2020-03-18 11:55:38,170", "name": "controller.consumer", "filename": "consumer.py", "message": "JSON schema validated"}
{"levelname": "DEBUG", "asctime": "2020-03-18 11:55:38,171", "name": "controller.consumer", "filename": "consumer.py", "message": "Identity schema validated"}
{"levelname": "DEBUG", "asctime": "2020-03-18 11:55:38,171", "name": "controller.consumer", "filename": "consumer.py", "message": "Extracted URL from input message: https://insights-dev-upload-perm.s3.minio.local.net"}
{"levelname": "DEBUG", "asctime": "2020-03-18 11:55:38,172", "name": "insights_messaging.consumers", "filename": "__init__.py", "message": "Downloading https://insights-dev-upload-perm.s3.minio.local.net"}
{"levelname": "DEBUG", "asctime": "2020-03-18 11:55:38,239", "name": "insights_messaging.consumers", "filename": "__init__.py", "message": "Saved https://insights-dev-upload-perm.s3.minio.local.net"}
{"levelname": "DEBUG", "asctime": "2020-03-18 11:55:39,789", "name": "controller.publisher", "filename": "publisher.py", "message": "Sending response to the ccx.ocp.results topic."}
{"levelname": "DEBUG", "asctime": "2020-03-18 11:55:39,789", "name": "controller.publisher", "filename": "publisher.py", "message": "Message has been sent successfully."}
{"levelname": "INFO", "asctime": "2020-03-18 11:55:39,790", "name": "controller.publisher", "filename": "publisher.py", "message": "Status: Success; Topic: platform.upload.buckit; Partition: 3; Offset: 11; LastChecked: 2020-03-18T11:55:37.147544709Z"}
{"levelname": "DEBUG", "asctime": "2020-03-18 11:56:09,670", "name": "controller.consumer", "filename": "consumer.py", "message": "JSON schema validated"}
{"levelname": "DEBUG", "asctime": "2020-03-18 11:56:09,672", "name": "controller.consumer", "filename": "consumer.py", "message": "Identity schema validated"}
{"levelname": "DEBUG", "asctime": "2020-03-18 11:56:09,672", "name": "controller.consumer", "filename": "consumer.py", "message": "Extracted URL from input message: https://insights-dev-upload-perm.s3.minio.local.net"}
{"levelname": "DEBUG", "asctime": "2020-03-18 11:56:09,672", "name": "insights_messaging.consumers", "filename": "__init__.py", "message": "Downloading https://insights-dev-upload-perm.s3.minio.local.net"}
{"levelname": "DEBUG", "asctime": "2020-03-18 11:56:09,762", "name": "insights_messaging.consumers", "filename": "__init__.py", "message": "Saved https://insights-dev-upload-perm.s3.minio.local.net"}
{"levelname": "DEBUG", "asctime": "2020-03-18 11:56:11,281", "name": "controller.publisher", "filename": "publisher.py", "message": "Sending response to the ccx.ocp.results topic."}
{"levelname": "DEBUG", "asctime": "2020-03-18 11:56:11,282", "name": "controller.publisher", "filename": "publisher.py", "message": "Message has been sent successfully."}
{"levelname": "INFO", "asctime": "2020-03-18 11:56:11,284", "name": "controller.publisher", "filename": "publisher.py", "message": "Status: Success; Topic: platform.upload.buckit; Partition: 4; Offset: 10; LastChecked: 2020-03-18T11:56:08.65451372Z"}
{"levelname": "DEBUG", "asctime": "2020-03-18 11:56:16,119", "name": "controller.consumer", "filename": "consumer.py", "message": "JSON schema validated"}
{"levelname": "DEBUG", "asctime": "2020-03-18 11:56:16,121", "name": "controller.consumer", "filename": "consumer.py", "message": "Identity schema validated"}
{"levelname": "DEBUG", "asctime": "2020-03-18 11:56:16,121", "name": "controller.consumer", "filename": "consumer.py", "message": "Extracted URL from input message: https://insights-dev-upload-perm.s3.minio.local.net"}
{"levelname": "DEBUG", "asctime": "2020-03-18 11:56:16,121", "name": "insights_messaging.consumers", "filename": "__init__.py", "message": "Downloading https://insights-dev-upload-perm.s3.minio.local.net"}
{"levelname": "DEBUG", "asctime": "2020-03-18 11:56:16,226", "name": "insights_messaging.consumers", "filename": "__init__.py", "message": "Saved https://insights-dev-upload-perm.s3.minio.local.net"}
{"levelname": "DEBUG", "asctime": "2020-03-18 11:56:17,592", "name": "controller.publisher", "filename": "publisher.py", "message": "Sending response to the ccx.ocp.results topic."}
{"levelname": "DEBUG", "asctime": "2020-03-18 11:56:17,593", "name": "controller.publisher", "filename": "publisher.py", "message": "Message has been sent successfully."}
{"levelname": "INFO", "asctime": "2020-03-18 11:56:17,673", "name": "controller.publisher", "filename": "publisher.py", "message": "Status: Success; Topic: platform.upload.buckit; Partition: 5; Offset: 11; LastChecked: 2020-03-18T11:56:15.105442668Z"}
{"levelname": "DEBUG", "asctime": "2020-03-18 11:56:22,481", "name": "controller.consumer", "filename": "consumer.py", "message": "JSON schema validated"}
{"levelname": "DEBUG", "asctime": "2020-03-18 11:56:22,483", "name": "controller.consumer", "filename": "consumer.py", "message": "Identity schema validated"}
{"levelname": "DEBUG", "asctime": "2020-03-18 11:56:22,483", "name": "controller.consumer", "filename": "consumer.py", "message": "Extracted URL from input message: https://insights-dev-upload-perm.s3.minio.local.net"}
{"levelname": "DEBUG", "asctime": "2020-03-18 11:56:22,483", "name": "insights_messaging.consumers", "filename": "__init__.py", "message": "Downloading https://insights-dev-upload-perm.s3.minio.local.net"}
{"levelname": "DEBUG", "asctime": "2020-03-18 11:56:22,576", "name": "insights_messaging.consumers", "filename": "__init__.py", "message": "Saved https://insights-dev-upload-perm.s3.minio.local.net"}
{"levelname": "DEBUG", "asctime": "2020-03-18 11:56:24,275", "name": "controller.publisher", "filename": "publisher.py", "message": "Sending response to the ccx.ocp.results topic."}
{"levelname": "DEBUG", "asctime": "2020-03-18 11:56:24,276", "name": "controller.publisher", "filename": "publisher.py", "message": "Message has been sent successfully."}
{"levelname": "INFO", "asctime": "2020-03-18 11:56:24,278", "name": "controller.publisher", "filename": "publisher.py", "message": "Status: Success; Topic: platform.upload.buckit; Partition: 6; Offset: 9; LastChecked: 2020-03-18T11:56:21.463759441Z"}
{"levelname": "DEBUG", "asctime": "2020-03-18 11:59:26,152", "name": "controller.consumer", "filename": "consumer.py", "message": "JSON schema validated"}
{"levelname": "DEBUG", "asctime": "2020-03-18 11:59:26,153", "name": "controller.consumer", "filename": "consumer.py", "message": "Identity schema validated"}
{"levelname": "DEBUG", "asctime": "2020-03-18 11:59:26,153", "name": "controller.consumer", "filename": "consumer.py", "message": "Extracted URL from input message: https://insights-dev-upload-perm.s3.minio.local.net"}
{"levelname": "DEBUG", "asctime": "2020-03-18 11:59:26,153", "name": "insights_messaging.consumers", "filename": "__init__.py", "message": "Downloading https://insights-dev-upload-perm.s3.minio.local.net"}
{"levelname": "DEBUG", "asctime": "2020-03-18 11:59:26,225", "name": "insights_messaging.consumers", "filename": "__init__.py", "message": "Saved https://insights-dev-upload-perm.s3.minio.local.net"}
{"levelname": "DEBUG", "asctime": "2020-03-18 11:59:27,686", "name": "controller.publisher", "filename": "publisher.py", "message": "Sending response to the ccx.ocp.results topic."}
{"levelname": "DEBUG", "asctime": "2020-03-18 11:59:27,686", "name": "controller.publisher", "filename": "publisher.py", "message": "Message has been sent successfully."}
{"levelname": "INFO", "asctime": "2020-03-18 11:59:27,687", "name": "controller.publisher", "filename": "publisher.py", "message": "Status: Success; Topic: platform.upload.buckit; Partition: 7; Offset: 9; LastChecked: 2020-03-18T11:59:25.131092603Z"}
{"levelname": "DEBUG", "asctime": "2020-03-18 12:19:35,307", "name": "controller.consumer", "filename": "consumer.py", "message": "JSON schema validated"}
{"levelname": "DEBUG", "asctime": "2020-03-18 12:19:35,308", "name": "controller.consumer", "filename": "consumer.py", "message": "Identity schema validated"}
{"levelname": "DEBUG", "asctime": "2020-03-18 12:19:35,309", "name": "controller.consumer", "filename": "consumer.py", "message": "Extracted URL from input message: https://insights-dev-upload-perm.s3.minio.local.net"}
{"levelname": "DEBUG", "asctime": "2020-03-18 12:19:35,309", "name": "insights_messaging.consumers", "filename": "__init__.py", "message": "Downloading https://insights-dev-upload-perm.s3.minio.local.net"}
{"levelname": "DEBUG", "asctime": "2020-03-18 12:19:35,381", "name": "insights_messaging.consumers", "filename": "__init__.py", "message": "Saved https://insights-dev-upload-perm.s3.minio.local.net"}
{"levelname": "WARNING", "asctime": "2020-03-18 12:19:35,887", "name": "insights.core.dr", "filename": "dr.py", "message": "Traceback (most recent call last):\n  File \"/ccx-data-pipeline-venv/lib64/python3.6/site-packages/insights/core/__init__.py\", line 726, in parse_content\n    self.data = yaml.load('\\n'.join(content), Loader=SafeLoader)\n  File \"/ccx-data-pipeline-venv/lib64/python3.6/site-packages/yaml/__init__.py\", line 114, in load\n    return loader.get_single_data()\n  File \"/ccx-data-pipeline-venv/lib64/python3.6/site-packages/yaml/constructor.py\", line 41, in get_single_data\n    node = self.get_single_node()\n  File \"/ccx-data-pipeline-venv/lib64/python3.6/site-packages/yaml/composer.py\", line 39, in get_single_node\n    if not self.check_event(StreamEndEvent):\n  File \"/ccx-data-pipeline-venv/lib64/python3.6/site-packages/yaml/parser.py\", line 98, in check_event\n    self.current_event = self.state()\n  File \"/ccx-data-pipeline-venv/lib64/python3.6/site-packages/yaml/parser.py\", line 174, in parse_document_start\n    self.peek_token().start_mark)\nyaml.parser.ParserError: expected '<document start>', but found '{'\n  in \"<unicode string>\", line 2, column 1:\n    {\"kind\":\"ClusterVersion\",\"apiVer ... \n    ^\n\nDuring handling of the above exception, another exception occurred:\n\nTraceback (most recent call last):\n  File \"/ccx-data-pipeline-venv/lib64/python3.6/site-packages/insights/core/dr.py\", line 962, in run\n    result = DELEGATES[component].process(broker)\n  File \"/ccx-data-pipeline-venv/lib64/python3.6/site-packages/insights/core/dr.py\", line 681, in process\n    return self.invoke(broker)\n  File \"/ccx-data-pipeline-venv/lib64/python3.6/site-packages/insights/core/plugins.py\", line 130, in invoke\n    return self.component(dep_value)\n  File \"/ccx-data-pipeline-venv/lib64/python3.6/site-packages/insights/core/__init__.py\", line 92, in __init__\n    self._handle_content(context)\n  File \"/ccx-data-pipeline-venv/lib64/python3.6/site-packages/insights/core/__init__.py\", line 95, in _handle_content\n    self.parse_content(context.content)\n  File \"/ccx-data-pipeline-venv/lib64/python3.6/site-packages/ccx_ocp_core/utils/mixins.py\", line 17, in parse_content\n    super().parse_content(content)\n  File \"/ccx-data-pipeline-venv/lib64/python3.6/site-packages/insights/core/__init__.py\", line 741, in parse_content\n    six.reraise(ParseException, ParseException(msg), tb)\n  File \"/ccx-data-pipeline-venv/lib64/python3.6/site-packages/six.py\", line 702, in reraise\n    raise value.with_traceback(tb)\n  File \"/ccx-data-pipeline-venv/lib64/python3.6/site-packages/insights/core/__init__.py\", line 726, in parse_content\n    self.data = yaml.load('\\n'.join(content), Loader=SafeLoader)\n  File \"/ccx-data-pipeline-venv/lib64/python3.6/site-packages/yaml/__init__.py\", line 114, in load\n    return loader.get_single_data()\n  File \"/ccx-data-pipeline-venv/lib64/python3.6/site-packages/yaml/constructor.py\", line 41, in get_single_data\n    node = self.get_single_node()\n  File \"/ccx-data-pipeline-venv/lib64/python3.6/site-packages/yaml/composer.py\", line 39, in get_single_node\n    if not self.check_event(StreamEndEvent):\n  File \"/ccx-data-pipeline-venv/lib64/python3.6/site-packages/yaml/parser.py\", line 98, in check_event\n    self.current_event = self.state()\n  File \"/ccx-data-pipeline-venv/lib64/python3.6/site-packages/yaml/parser.py\", line 174, in parse_document_start\n    self.peek_token().start_mark)\ninsights.parsers.ParseException: ccx_ocp_core.specs.openshift.ClusterVersionOS couldn't parse yaml.\n"}
{"levelname": "DEBUG", "asctime": "2020-03-18 12:19:36,890", "name": "controller.publisher", "filename": "publisher.py", "message": "Sending response to the ccx.ocp.results topic."}
{"levelname": "DEBUG", "asctime": "2020-03-18 12:19:36,891", "name": "controller.publisher", "filename": "publisher.py", "message": "Message has been sent successfully."}
{"levelname": "INFO", "asctime": "2020-03-18 12:19:36,891", "name": "controller.publisher", "filename": "publisher.py", "message": "Status: Success; Topic: platform.upload.buckit; Partition: 8; Offset: 9; LastChecked: 2020-03-18T12:19:34.287462309Z"}
{"levelname": "DEBUG", "asctime": "2020-03-18 12:46:17,481", "name": "controller.consumer", "filename": "consumer.py", "message": "JSON schema validated"}
{"levelname": "DEBUG", "asctime": "2020-03-18 12:46:17,483", "name": "controller.consumer", "filename": "consumer.py", "message": "Identity schema validated"}
{"levelname": "DEBUG", "asctime": "2020-03-18 12:46:17,483", "name": "controller.consumer", "filename": "consumer.py", "message": "Extracted URL from input message: https://insights-dev-upload-perm.s3.minio.local.net"}
{"levelname": "DEBUG", "asctime": "2020-03-18 12:46:17,483", "name": "insights_messaging.consumers", "filename": "__init__.py", "message": "Downloading https://insights-dev-upload-perm.s3.minio.local.net"}
{"levelname": "DEBUG", "asctime": "2020-03-18 12:46:17,549", "name": "insights_messaging.consumers", "filename": "__init__.py", "message": "Saved https://insights-dev-upload-perm.s3.minio.local.net"}
{"levelname": "DEBUG", "asctime": "2020-03-18 12:46:19,085", "name": "controller.publisher", "filename": "publisher.py", "message": "Sending response to the ccx.ocp.results topic."}
{"levelname": "DEBUG", "asctime": "2020-03-18 12:46:19,086", "name": "controller.publisher", "filename": "publisher.py", "message": "Message has been sent successfully."}
{"levelname": "INFO", "asctime": "2020-03-18 12:46:19,086", "name": "controller.publisher", "filename": "publisher.py", "message": "Status: Success; Topic: platform.upload.buckit; Partition: 9; Offset: 9; LastChecked: 2020-03-18T12:46:16.455857088Z"}
{"levelname": "DEBUG", "asctime": "2020-03-18 12:47:44,337", "name": "controller.consumer", "filename": "consumer.py", "message": "JSON schema validated"}
{"levelname": "DEBUG", "asctime": "2020-03-18 12:47:44,339", "name": "controller.consumer", "filename": "consumer.py", "message": "Identity schema validated"}
{"levelname": "DEBUG", "asctime": "2020-03-18 12:47:44,340", "name": "controller.consumer", "filename": "consumer.py", "message": "Extracted URL from input message: https://insights-dev-upload-perm.s3.minio.local.net"}
{"levelname": "DEBUG", "asctime": "2020-03-18 12:47:44,340", "name": "insights_messaging.consumers", "filename": "__init__.py", "message": "Downloading https://insights-dev-upload-perm.s3.minio.local.net"}
{"levelname": "DEBUG", "asctime": "2020-03-18 12:47:44,408", "name": "insights_messaging.consumers", "filename": "__init__.py", "message": "Saved https://insights-dev-upload-perm.s3.minio.local.net"}
{"levelname": "DEBUG", "asctime": "2020-03-18 12:47:45,693", "name": "controller.publisher", "filename": "publisher.py", "message": "Sending response to the ccx.ocp.results topic."}
{"levelname": "DEBUG", "asctime": "2020-03-18 12:47:45,693", "name": "controller.publisher", "filename": "publisher.py", "message": "Message has been sent successfully."}
{"levelname": "INFO", "asctime": "2020-03-18 12:47:45,693", "name": "controller.publisher", "filename": "publisher.py", "message": "Status: Success; Topic: platform.upload.buckit; Partition: 10; Offset: 9; LastChecked: 2020-03-18T12:47:43.110106037Z"}
{"levelname": "DEBUG", "asctime": "2020-03-18 13:05:33,826", "name": "controller.consumer", "filename": "consumer.py", "message": "JSON schema validated"}
{"levelname": "DEBUG", "asctime": "2020-03-18 13:05:33,827", "name": "controller.consumer", "filename": "consumer.py", "message": "Identity schema validated"}
{"levelname": "DEBUG", "asctime": "2020-03-18 13:05:33,828", "name": "controller.consumer", "filename": "consumer.py", "message": "Extracted URL from input message: https://insights-dev-upload-perm.s3.minio.local.net"}
{"levelname": "DEBUG", "asctime": "2020-03-18 13:05:33,828", "name": "insights_messaging.consumers", "filename": "__init__.py", "message": "Downloading https://insights-dev-upload-perm.s3.minio.local.net"}
{"levelname": "DEBUG", "asctime": "2020-03-18 13:05:33,918", "name": "insights_messaging.consumers", "filename": "__init__.py", "message": "Saved https://insights-dev-upload-perm.s3.minio.local.net"}
{"levelname": "WARNING", "asctime": "2020-03-18 13:05:33,997", "name": "controller.watchers.cluster_id_watcher", "filename": "cluster_id_watcher.py", "message": "The archive doesn't contain a valid Cluster Id file. Skipping its extraction"}
{"levelname": "DEBUG", "asctime": "2020-03-18 13:05:36,082", "name": "controller.publisher", "filename": "publisher.py", "message": "Sending response to the ccx.ocp.results topic."}
{"levelname": "DEBUG", "asctime": "2020-03-18 13:05:36,083", "name": "controller.publisher", "filename": "publisher.py", "message": "Message has been sent successfully."}
{"levelname": "INFO", "asctime": "2020-03-18 13:05:36,083", "name": "controller.publisher", "filename": "publisher.py", "message": "Status: Success; Topic: platform.upload.buckit; Partition: 11; Offset: 9; LastChecked: 2020-03-18T13:05:32.805309013Z"}
{"levelname": "DEBUG", "asctime": "2020-03-18 13:08:05,909", "name": "controller.consumer", "filename": "consumer.py", "message": "JSON schema validated"}
{"levelname": "DEBUG", "asctime": "2020-03-18 13:08:05,910", "name": "controller.consumer", "filename": "consumer.py", "message": "Identity schema validated"}
{"levelname": "DEBUG", "asctime": "2020-03-18 13:08:05,910", "name": "controller.consumer", "filename": "consumer.py", "message": "Extracted URL from input message: https://insights-dev-upload-perm.s3.minio.local.net"}
{"levelname": "DEBUG", "asctime": "2020-03-18 13:08:05,911", "name": "insights_messaging.consumers", "filename": "__init__.py", "message": "Downloading https://insights-dev-upload-perm.s3.minio.local.net"}
{"levelname": "DEBUG", "asctime": "2020-03-18 13:08:05,968", "name": "insights_messaging.consumers", "filename": "__init__.py", "message": "Saved https://insights-dev-upload-perm.s3.minio.local.net"}
{"levelname": "WARNING", "asctime": "2020-03-18 13:08:05,992", "name": "controller.watchers.cluster_id_watcher", "filename": "cluster_id_watcher.py", "message": "The archive doesn't contain a valid Cluster Id file. Skipping its extraction"}
{"levelname": "DEBUG", "asctime": "2020-03-18 13:08:07,979", "name": "controller.publisher", "filename": "publisher.py", "message": "Sending response to the ccx.ocp.results topic."}
{"levelname": "DEBUG", "asctime": "2020-03-18 13:08:07,980", "name": "controller.publisher", "filename": "publisher.py", "message": "Message has been sent successfully."}
{"levelname": "INFO", "asctime": "2020-03-18 13:08:07,980", "name": "controller.publisher", "filename": "publisher.py", "message": "Status: Success; Topic: platform.upload.buckit; Partition: 12; Offset: 8; LastChecked: 2020-03-18T13:08:04.890003799Z"}
{"levelname": "DEBUG", "asctime": "2020-03-18 14:24:30,634", "name": "controller.consumer", "filename": "consumer.py", "message": "JSON schema validated"}
{"levelname": "DEBUG", "asctime": "2020-03-18 14:24:30,635", "name": "controller.consumer", "filename": "consumer.py", "message": "Identity schema validated"}
{"levelname": "DEBUG", "asctime": "2020-03-18 14:24:30,636", "name": "controller.consumer", "filename": "consumer.py", "message": "Extracted URL from input message: https://insights-dev-upload-perm.s3.minio.local.net"}
{"levelname": "DEBUG", "asctime": "2020-03-18 14:24:30,636", "name": "insights_messaging.consumers", "filename": "__init__.py", "message": "Downloading https://insights-dev-upload-perm.s3.minio.local.net"}
{"levelname": "DEBUG", "asctime": "2020-03-18 14:24:30,695", "name": "insights_messaging.consumers", "filename": "__init__.py", "message": "Saved https://insights-dev-upload-perm.s3.minio.local.net"}
{"levelname": "DEBUG", "asctime": "2020-03-18 14:24:32,279", "name": "controller.publisher", "filename": "publisher.py", "message": "Sending response to the ccx.ocp.results topic."}
{"levelname": "DEBUG", "asctime": "2020-03-18 14:24:32,280", "name": "controller.publisher", "filename": "publisher.py", "message": "Message has been sent successfully."}
{"levelname": "INFO", "asctime": "2020-03-18 14:24:32,282", "name": "controller.publisher", "filename": "publisher.py", "message": "Status: Success; Topic: platform.upload.buckit; Partition: 13; Offset: 9; LastChecked: 2020-03-18T14:24:29.612746514Z"}
{"levelname": "DEBUG", "asctime": "2020-03-18 14:24:33,783", "name": "controller.consumer", "filename": "consumer.py", "message": "JSON schema validated"}
{"levelname": "DEBUG", "asctime": "2020-03-18 14:24:33,785", "name": "controller.consumer", "filename": "consumer.py", "message": "Identity schema validated"}
{"levelname": "DEBUG", "asctime": "2020-03-18 14:24:33,785", "name": "controller.consumer", "filename": "consumer.py", "message": "Extracted URL from input message: https://insights-dev-upload-perm.s3.minio.local.net"}
{"levelname": "DEBUG", "asctime": "2020-03-18 14:24:33,785", "name": "insights_messaging.consumers", "filename": "__init__.py", "message": "Downloading https://insights-dev-upload-perm.s3.minio.local.net"}
{"levelname": "DEBUG", "asctime": "2020-03-18 14:24:33,844", "name": "insights_messaging.consumers", "filename": "__init__.py", "message": "Saved https://insights-dev-upload-perm.s3.minio.local.net"}
{"levelname": "DEBUG", "asctime": "2020-03-18 14:24:34,183", "name": "controller.publisher", "filename": "publisher.py", "message": "Sending response to the ccx.ocp.results topic."}
{"levelname": "DEBUG", "asctime": "2020-03-18 14:24:34,184", "name": "controller.publisher", "filename": "publisher.py", "message": "Message has been sent successfully."}
{"levelname": "INFO", "asctime": "2020-03-18 14:24:34,184", "name": "controller.publisher", "filename": "publisher.py", "message": "Status: Success; Topic: platform.upload.buckit; Partition: 14; Offset: 9; LastChecked: 2020-03-18T14:24:32.765310996Z"}
{"levelname": "DEBUG", "asctime": "2020-03-18 14:25:06,385", "name": "controller.consumer", "filename": "consumer.py", "message": "JSON schema validated"}
{"levelname": "DEBUG", "asctime": "2020-03-18 14:25:06,387", "name": "controller.consumer", "filename": "consumer.py", "message": "Identity schema validated"}
{"levelname": "DEBUG", "asctime": "2020-03-18 14:25:06,387", "name": "controller.consumer", "filename": "consumer.py", "message": "Extracted URL from input message: https://insights-dev-upload-perm.s3.minio.local.net"}
{"levelname": "DEBUG", "asctime": "2020-03-18 14:25:06,387", "name": "insights_messaging.consumers", "filename": "__init__.py", "message": "Downloading https://insights-dev-upload-perm.s3.minio.local.net"}
{"levelname": "DEBUG", "asctime": "2020-03-18 14:25:06,467", "name": "insights_messaging.consumers", "filename": "__init__.py", "message": "Saved https://insights-dev-upload-perm.s3.minio.local.net"}
{"levelname": "DEBUG", "asctime": "2020-03-18 14:25:07,891", "name": "controller.publisher", "filename": "publisher.py", "message": "Sending response to the ccx.ocp.results topic."}
{"levelname": "DEBUG", "asctime": "2020-03-18 14:25:07,892", "name": "controller.publisher", "filename": "publisher.py", "message": "Message has been sent successfully."}
{"levelname": "INFO", "asctime": "2020-03-18 14:25:07,894", "name": "controller.publisher", "filename": "publisher.py", "message": "Status: Success; Topic: platform.upload.buckit; Partition: 15; Offset: 10; LastChecked: 2020-03-18T14:25:05.369170502Z"}
{"levelname": "DEBUG", "asctime": "2020-03-18 14:25:59,684", "name": "controller.consumer", "filename": "consumer.py", "message": "JSON schema validated"}
{"levelname": "DEBUG", "asctime": "2020-03-18 14:25:59,686", "name": "controller.consumer", "filename": "consumer.py", "message": "Identity schema validated"}
{"levelname": "DEBUG", "asctime": "2020-03-18 14:25:59,686", "name": "controller.consumer", "filename": "consumer.py", "message": "Extracted URL from input message: https://insights-dev-upload-perm.s3.minio.local.net"}
{"levelname": "DEBUG", "asctime": "2020-03-18 14:25:59,686", "name": "insights_messaging.consumers", "filename": "__init__.py", "message": "Downloading https://insights-dev-upload-perm.s3.minio.local.net"}
{"levelname": "DEBUG", "asctime": "2020-03-18 14:25:59,828", "name": "insights_messaging.consumers", "filename": "__init__.py", "message": "Saved https://insights-dev-upload-perm.s3.minio.local.net"}
{"levelname": "DEBUG", "asctime": "2020-03-18 14:26:01,294", "name": "controller.publisher", "filename": "publisher.py", "message": "Sending response to the ccx.ocp.results topic."}
{"levelname": "DEBUG", "asctime": "2020-03-18 14:26:01,295", "name": "controller.publisher", "filename": "publisher.py", "message": "Message has been sent successfully."}
{"levelname": "INFO", "asctime": "2020-03-18 14:26:01,295", "name": "controller.publisher", "filename": "publisher.py", "message": "Status: Success; Topic: platform.upload.buckit; Partition: 13; Offset: 10; LastChecked: 2020-03-18T14:25:35.870953885Z"}
{"levelname": "DEBUG", "asctime": "2020-03-18 14:26:04,444", "name": "controller.consumer", "filename": "consumer.py", "message": "JSON schema validated"}
{"levelname": "DEBUG", "asctime": "2020-03-18 14:26:04,446", "name": "controller.consumer", "filename": "consumer.py", "message": "Identity schema validated"}
{"levelname": "DEBUG", "asctime": "2020-03-18 14:26:04,446", "name": "controller.consumer", "filename": "consumer.py", "message": "Extracted URL from input message: https://insights-dev-upload-perm.s3.minio.local.net"}
{"levelname": "DEBUG", "asctime": "2020-03-18 14:26:04,446", "name": "insights_messaging.consumers", "filename": "__init__.py", "message": "Downloading https://insights-dev-upload-perm.s3.minio.local.net"}
{"levelname": "DEBUG", "asctime": "2020-03-18 14:26:04,516", "name": "insights_messaging.consumers", "filename": "__init__.py", "message": "Saved https://insights-dev-upload-perm.s3.minio.local.net"}
{"levelname": "DEBUG", "asctime": "2020-03-18 14:26:06,175", "name": "controller.publisher", "filename": "publisher.py", "message": "Sending response to the ccx.ocp.results topic."}
{"levelname": "DEBUG", "asctime": "2020-03-18 14:26:06,175", "name": "controller.publisher", "filename": "publisher.py", "message": "Message has been sent successfully."}
{"levelname": "INFO", "asctime": "2020-03-18 14:26:06,177", "name": "controller.publisher", "filename": "publisher.py", "message": "Status: Success; Topic: platform.upload.buckit; Partition: 14; Offset: 10; LastChecked: 2020-03-18T14:26:03.435707498Z"}
{"levelname": "DEBUG", "asctime": "2020-03-18 14:26:09,423", "name": "controller.consumer", "filename": "consumer.py", "message": "JSON schema validated"}
{"levelname": "DEBUG", "asctime": "2020-03-18 14:26:09,424", "name": "controller.consumer", "filename": "consumer.py", "message": "Identity schema validated"}
{"levelname": "DEBUG", "asctime": "2020-03-18 14:26:09,424", "name": "controller.consumer", "filename": "consumer.py", "message": "Extracted URL from input message: https://insights-dev-upload-perm.s3.minio.local.net"}
{"levelname": "DEBUG", "asctime": "2020-03-18 14:26:09,424", "name": "insights_messaging.consumers", "filename": "__init__.py", "message": "Downloading https://insights-dev-upload-perm.s3.minio.local.net"}
{"levelname": "DEBUG", "asctime": "2020-03-18 14:26:09,503", "name": "insights_messaging.consumers", "filename": "__init__.py", "message": "Saved https://insights-dev-upload-perm.s3.minio.local.net"}
{"levelname": "DEBUG", "asctime": "2020-03-18 14:26:10,985", "name": "controller.publisher", "filename": "publisher.py", "message": "Sending response to the ccx.ocp.results topic."}
{"levelname": "DEBUG", "asctime": "2020-03-18 14:26:10,986", "name": "controller.publisher", "filename": "publisher.py", "message": "Message has been sent successfully."}
{"levelname": "INFO", "asctime": "2020-03-18 14:26:10,986", "name": "controller.publisher", "filename": "publisher.py", "message": "Status: Success; Topic: platform.upload.buckit; Partition: 15; Offset: 11; LastChecked: 2020-03-18T14:26:08.411308487Z"}
{"levelname": "DEBUG", "asctime": "2020-03-18 16:18:28,669", "name": "controller.consumer", "filename": "consumer.py", "message": "JSON schema validated"}
{"levelname": "DEBUG", "asctime": "2020-03-18 16:18:28,670", "name": "controller.consumer", "filename": "consumer.py", "message": "Identity schema validated"}
{"levelname": "DEBUG", "asctime": "2020-03-18 16:18:28,671", "name": "controller.consumer", "filename": "consumer.py", "message": "Extracted URL from input message: https://insights-dev-upload-perm.s3.minio.local.net"}
{"levelname": "DEBUG", "asctime": "2020-03-18 16:18:28,671", "name": "insights_messaging.consumers", "filename": "__init__.py", "message": "Downloading https://insights-dev-upload-perm.s3.minio.local.net"}
{"levelname": "DEBUG", "asctime": "2020-03-18 16:18:28,750", "name": "insights_messaging.consumers", "filename": "__init__.py", "message": "Saved https://insights-dev-upload-perm.s3.minio.local.net"}
{"levelname": "DEBUG", "asctime": "2020-03-18 16:18:30,892", "name": "controller.publisher", "filename": "publisher.py", "message": "Sending response to the ccx.ocp.results topic."}
{"levelname": "DEBUG", "asctime": "2020-03-18 16:18:30,892", "name": "controller.publisher", "filename": "publisher.py", "message": "Message has been sent successfully."}
{"levelname": "INFO", "asctime": "2020-03-18 16:18:30,893", "name": "controller.publisher", "filename": "publisher.py", "message": "Status: Success; Topic: platform.upload.buckit; Partition: 0; Offset: 16; LastChecked: 2020-03-18T16:18:27.648822944Z"}
{"levelname": "DEBUG", "asctime": "2020-03-18 16:18:33,487", "name": "controller.consumer", "filename": "consumer.py", "message": "JSON schema validated"}
{"levelname": "DEBUG", "asctime": "2020-03-18 16:18:33,488", "name": "controller.consumer", "filename": "consumer.py", "message": "Identity schema validated"}
{"levelname": "DEBUG", "asctime": "2020-03-18 16:18:33,489", "name": "controller.consumer", "filename": "consumer.py", "message": "Extracted URL from input message: https://insights-dev-upload-perm.s3.minio.local.net"}
{"levelname": "DEBUG", "asctime": "2020-03-18 16:18:33,489", "name": "insights_messaging.consumers", "filename": "__init__.py", "message": "Downloading https://insights-dev-upload-perm.s3.minio.local.net"}
{"levelname": "DEBUG", "asctime": "2020-03-18 16:18:33,596", "name": "insights_messaging.consumers", "filename": "__init__.py", "message": "Saved https://insights-dev-upload-perm.s3.minio.local.net"}
{"levelname": "DEBUG", "asctime": "2020-03-18 16:18:33,889", "name": "controller.publisher", "filename": "publisher.py", "message": "Sending response to the ccx.ocp.results topic."}
{"levelname": "DEBUG", "asctime": "2020-03-18 16:18:33,889", "name": "controller.publisher", "filename": "publisher.py", "message": "Message has been sent successfully."}
{"levelname": "INFO", "asctime": "2020-03-18 16:18:33,973", "name": "controller.publisher", "filename": "publisher.py", "message": "Status: Success; Topic: platform.upload.buckit; Partition: 1; Offset: 14; LastChecked: 2020-03-18T16:18:31.909443257Z"}
{"levelname": "DEBUG", "asctime": "2020-03-18 16:19:05,609", "name": "controller.consumer", "filename": "consumer.py", "message": "JSON schema validated"}
{"levelname": "DEBUG", "asctime": "2020-03-18 16:19:05,610", "name": "controller.consumer", "filename": "consumer.py", "message": "Identity schema validated"}
{"levelname": "DEBUG", "asctime": "2020-03-18 16:19:05,610", "name": "controller.consumer", "filename": "consumer.py", "message": "Extracted URL from input message: https://insights-dev-upload-perm.s3.minio.local.net"}
{"levelname": "DEBUG", "asctime": "2020-03-18 16:19:05,611", "name": "insights_messaging.consumers", "filename": "__init__.py", "message": "Downloading https://insights-dev-upload-perm.s3.minio.local.net"}
{"levelname": "DEBUG", "asctime": "2020-03-18 16:19:05,706", "name": "insights_messaging.consumers", "filename": "__init__.py", "message": "Saved https://insights-dev-upload-perm.s3.minio.local.net"}
{"levelname": "DEBUG", "asctime": "2020-03-18 16:19:07,684", "name": "controller.publisher", "filename": "publisher.py", "message": "Sending response to the ccx.ocp.results topic."}
{"levelname": "DEBUG", "asctime": "2020-03-18 16:19:07,684", "name": "controller.publisher", "filename": "publisher.py", "message": "Message has been sent successfully."}
{"levelname": "INFO", "asctime": "2020-03-18 16:19:07,686", "name": "controller.publisher", "filename": "publisher.py", "message": "Status: Success; Topic: platform.upload.buckit; Partition: 2; Offset: 13; LastChecked: 2020-03-18T16:19:04.595215777Z"}
{"levelname": "DEBUG", "asctime": "2020-03-18 16:19:37,381", "name": "controller.consumer", "filename": "consumer.py", "message": "JSON schema validated"}
{"levelname": "DEBUG", "asctime": "2020-03-18 16:19:37,383", "name": "controller.consumer", "filename": "consumer.py", "message": "Identity schema validated"}
{"levelname": "DEBUG", "asctime": "2020-03-18 16:19:37,383", "name": "controller.consumer", "filename": "consumer.py", "message": "Extracted URL from input message: https://insights-dev-upload-perm.s3.minio.local.net"}
{"levelname": "DEBUG", "asctime": "2020-03-18 16:19:37,384", "name": "insights_messaging.consumers", "filename": "__init__.py", "message": "Downloading https://insights-dev-upload-perm.s3.minio.local.net"}
{"levelname": "DEBUG", "asctime": "2020-03-18 16:19:37,538", "name": "insights_messaging.consumers", "filename": "__init__.py", "message": "Saved https://insights-dev-upload-perm.s3.minio.local.net"}
{"levelname": "DEBUG", "asctime": "2020-03-18 16:19:39,680", "name": "controller.publisher", "filename": "publisher.py", "message": "Sending response to the ccx.ocp.results topic."}
{"levelname": "DEBUG", "asctime": "2020-03-18 16:19:39,680", "name": "controller.publisher", "filename": "publisher.py", "message": "Message has been sent successfully."}
{"levelname": "INFO", "asctime": "2020-03-18 16:19:39,682", "name": "controller.publisher", "filename": "publisher.py", "message": "Status: Success; Topic: platform.upload.buckit; Partition: 3; Offset: 12; LastChecked: 2020-03-18T16:19:36.352631884Z"}
{"levelname": "DEBUG", "asctime": "2020-03-18 16:19:41,761", "name": "controller.consumer", "filename": "consumer.py", "message": "JSON schema validated"}
{"levelname": "DEBUG", "asctime": "2020-03-18 16:19:41,762", "name": "controller.consumer", "filename": "consumer.py", "message": "Identity schema validated"}
{"levelname": "DEBUG", "asctime": "2020-03-18 16:19:41,762", "name": "controller.consumer", "filename": "consumer.py", "message": "Extracted URL from input message: https://insights-dev-upload-perm.s3.minio.local.net"}
{"levelname": "DEBUG", "asctime": "2020-03-18 16:19:41,763", "name": "insights_messaging.consumers", "filename": "__init__.py", "message": "Downloading https://insights-dev-upload-perm.s3.minio.local.net"}
{"levelname": "DEBUG", "asctime": "2020-03-18 16:19:41,875", "name": "insights_messaging.consumers", "filename": "__init__.py", "message": "Saved https://insights-dev-upload-perm.s3.minio.local.net"}
{"levelname": "DEBUG", "asctime": "2020-03-18 16:19:43,787", "name": "controller.publisher", "filename": "publisher.py", "message": "Sending response to the ccx.ocp.results topic."}
{"levelname": "DEBUG", "asctime": "2020-03-18 16:19:43,788", "name": "controller.publisher", "filename": "publisher.py", "message": "Message has been sent successfully."}
{"levelname": "INFO", "asctime": "2020-03-18 16:19:43,788", "name": "controller.publisher", "filename": "publisher.py", "message": "Status: Success; Topic: platform.upload.buckit; Partition: 4; Offset: 11; LastChecked: 2020-03-18T16:19:40.734798966Z"}
{"levelname": "DEBUG", "asctime": "2020-03-18 16:19:45,614", "name": "controller.consumer", "filename": "consumer.py", "message": "JSON schema validated"}
{"levelname": "DEBUG", "asctime": "2020-03-18 16:19:45,616", "name": "controller.consumer", "filename": "consumer.py", "message": "Identity schema validated"}
{"levelname": "DEBUG", "asctime": "2020-03-18 16:19:45,616", "name": "controller.consumer", "filename": "consumer.py", "message": "Extracted URL from input message: https://insights-dev-upload-perm.s3.minio.local.net"}
{"levelname": "DEBUG", "asctime": "2020-03-18 16:19:45,616", "name": "insights_messaging.consumers", "filename": "__init__.py", "message": "Downloading https://insights-dev-upload-perm.s3.minio.local.net"}
{"levelname": "DEBUG", "asctime": "2020-03-18 16:19:45,740", "name": "insights_messaging.consumers", "filename": "__init__.py", "message": "Saved https://insights-dev-upload-perm.s3.minio.local.net"}
{"levelname": "DEBUG", "asctime": "2020-03-18 16:19:47,888", "name": "controller.publisher", "filename": "publisher.py", "message": "Sending response to the ccx.ocp.results topic."}
{"levelname": "DEBUG", "asctime": "2020-03-18 16:19:47,888", "name": "controller.publisher", "filename": "publisher.py", "message": "Message has been sent successfully."}
{"levelname": "INFO", "asctime": "2020-03-18 16:19:47,889", "name": "controller.publisher", "filename": "publisher.py", "message": "Status: Success; Topic: platform.upload.buckit; Partition: 5; Offset: 12; LastChecked: 2020-03-18T16:19:44.596309261Z"}
{"levelname": "DEBUG", "asctime": "2020-03-18 17:05:35,104", "name": "controller.consumer", "filename": "consumer.py", "message": "JSON schema validated"}
{"levelname": "DEBUG", "asctime": "2020-03-18 17:05:35,106", "name": "controller.consumer", "filename": "consumer.py", "message": "Identity schema validated"}
{"levelname": "DEBUG", "asctime": "2020-03-18 17:05:35,107", "name": "controller.consumer", "filename": "consumer.py", "message": "Extracted URL from input message: https://insights-dev-upload-perm.s3.minio.local.net"}
{"levelname": "DEBUG", "asctime": "2020-03-18 17:05:35,107", "name": "insights_messaging.consumers", "filename": "__init__.py", "message": "Downloading https://insights-dev-upload-perm.s3.minio.local.net"}
{"levelname": "DEBUG", "asctime": "2020-03-18 17:05:35,219", "name": "insights_messaging.consumers", "filename": "__init__.py", "message": "Saved https://insights-dev-upload-perm.s3.minio.local.net"}
{"levelname": "DEBUG", "asctime": "2020-03-18 17:05:37,287", "name": "controller.publisher", "filename": "publisher.py", "message": "Sending response to the ccx.ocp.results topic."}
{"levelname": "DEBUG", "asctime": "2020-03-18 17:05:37,288", "name": "controller.publisher", "filename": "publisher.py", "message": "Message has been sent successfully."}
{"levelname": "INFO", "asctime": "2020-03-18 17:05:37,288", "name": "controller.publisher", "filename": "publisher.py", "message": "Status: Success; Topic: platform.upload.buckit; Partition: 6; Offset: 10; LastChecked: 2020-03-18T17:05:34.081901066Z"}
{"levelname": "DEBUG", "asctime": "2020-03-18 17:05:39,281", "name": "controller.consumer", "filename": "consumer.py", "message": "JSON schema validated"}
{"levelname": "DEBUG", "asctime": "2020-03-18 17:05:39,282", "name": "controller.consumer", "filename": "consumer.py", "message": "Identity schema validated"}
{"levelname": "DEBUG", "asctime": "2020-03-18 17:05:39,283", "name": "controller.consumer", "filename": "consumer.py", "message": "Extracted URL from input message: https://insights-dev-upload-perm.s3.minio.local.net"}
{"levelname": "DEBUG", "asctime": "2020-03-18 17:05:39,283", "name": "insights_messaging.consumers", "filename": "__init__.py", "message": "Downloading https://insights-dev-upload-perm.s3.minio.local.net"}
{"levelname": "DEBUG", "asctime": "2020-03-18 17:05:39,485", "name": "insights_messaging.consumers", "filename": "__init__.py", "message": "Saved https://insights-dev-upload-perm.s3.minio.local.net"}
{"levelname": "DEBUG", "asctime": "2020-03-18 17:05:39,788", "name": "controller.publisher", "filename": "publisher.py", "message": "Sending response to the ccx.ocp.results topic."}
{"levelname": "DEBUG", "asctime": "2020-03-18 17:05:39,788", "name": "controller.publisher", "filename": "publisher.py", "message": "Message has been sent successfully."}
{"levelname": "INFO", "asctime": "2020-03-18 17:05:39,788", "name": "controller.publisher", "filename": "publisher.py", "message": "Status: Success; Topic: platform.upload.buckit; Partition: 7; Offset: 10; LastChecked: 2020-03-18T17:05:38.024554828Z"}
{"levelname": "DEBUG", "asctime": "2020-03-18 17:06:11,781", "name": "controller.consumer", "filename": "consumer.py", "message": "JSON schema validated"}
{"levelname": "DEBUG", "asctime": "2020-03-18 17:06:11,782", "name": "controller.consumer", "filename": "consumer.py", "message": "Identity schema validated"}
{"levelname": "DEBUG", "asctime": "2020-03-18 17:06:11,782", "name": "controller.consumer", "filename": "consumer.py", "message": "Extracted URL from input message: https://insights-dev-upload-perm.s3.minio.local.net"}
{"levelname": "DEBUG", "asctime": "2020-03-18 17:06:11,782", "name": "insights_messaging.consumers", "filename": "__init__.py", "message": "Downloading https://insights-dev-upload-perm.s3.minio.local.net"}
{"levelname": "DEBUG", "asctime": "2020-03-18 17:06:11,875", "name": "insights_messaging.consumers", "filename": "__init__.py", "message": "Saved https://insights-dev-upload-perm.s3.minio.local.net"}
{"levelname": "DEBUG", "asctime": "2020-03-18 17:06:14,083", "name": "controller.publisher", "filename": "publisher.py", "message": "Sending response to the ccx.ocp.results topic."}
{"levelname": "DEBUG", "asctime": "2020-03-18 17:06:14,084", "name": "controller.publisher", "filename": "publisher.py", "message": "Message has been sent successfully."}
{"levelname": "INFO", "asctime": "2020-03-18 17:06:14,084", "name": "controller.publisher", "filename": "publisher.py", "message": "Status: Success; Topic: platform.upload.buckit; Partition: 8; Offset: 10; LastChecked: 2020-03-18T17:06:10.763454303Z"}
{"levelname": "DEBUG", "asctime": "2020-03-18 17:06:42,613", "name": "controller.consumer", "filename": "consumer.py", "message": "JSON schema validated"}
{"levelname": "DEBUG", "asctime": "2020-03-18 17:06:42,614", "name": "controller.consumer", "filename": "consumer.py", "message": "Identity schema validated"}
{"levelname": "DEBUG", "asctime": "2020-03-18 17:06:42,614", "name": "controller.consumer", "filename": "consumer.py", "message": "Extracted URL from input message: https://insights-dev-upload-perm.s3.minio.local.net"}
{"levelname": "DEBUG", "asctime": "2020-03-18 17:06:42,614", "name": "insights_messaging.consumers", "filename": "__init__.py", "message": "Downloading https://insights-dev-upload-perm.s3.minio.local.net"}
{"levelname": "DEBUG", "asctime": "2020-03-18 17:06:42,702", "name": "insights_messaging.consumers", "filename": "__init__.py", "message": "Saved https://insights-dev-upload-perm.s3.minio.local.net"}
{"levelname": "DEBUG", "asctime": "2020-03-18 17:06:44,579", "name": "controller.publisher", "filename": "publisher.py", "message": "Sending response to the ccx.ocp.results topic."}
{"levelname": "DEBUG", "asctime": "2020-03-18 17:06:44,580", "name": "controller.publisher", "filename": "publisher.py", "message": "Message has been sent successfully."}
{"levelname": "INFO", "asctime": "2020-03-18 17:06:44,580", "name": "controller.publisher", "filename": "publisher.py", "message": "Status: Success; Topic: platform.upload.buckit; Partition: 9; Offset: 10; LastChecked: 2020-03-18T17:06:41.594565332Z"}
{"levelname": "DEBUG", "asctime": "2020-03-18 17:06:46,794", "name": "controller.consumer", "filename": "consumer.py", "message": "JSON schema validated"}
{"levelname": "DEBUG", "asctime": "2020-03-18 17:06:46,796", "name": "controller.consumer", "filename": "consumer.py", "message": "Identity schema validated"}
{"levelname": "DEBUG", "asctime": "2020-03-18 17:06:46,796", "name": "controller.consumer", "filename": "consumer.py", "message": "Extracted URL from input message: https://insights-dev-upload-perm.s3.minio.local.net"}
{"levelname": "DEBUG", "asctime": "2020-03-18 17:06:46,796", "name": "insights_messaging.consumers", "filename": "__init__.py", "message": "Downloading https://insights-dev-upload-perm.s3.minio.local.net"}
{"levelname": "DEBUG", "asctime": "2020-03-18 17:06:46,860", "name": "insights_messaging.consumers", "filename": "__init__.py", "message": "Saved https://insights-dev-upload-perm.s3.minio.local.net"}
{"levelname": "DEBUG", "asctime": "2020-03-18 17:06:48,983", "name": "controller.publisher", "filename": "publisher.py", "message": "Sending response to the ccx.ocp.results topic."}
{"levelname": "DEBUG", "asctime": "2020-03-18 17:06:48,984", "name": "controller.publisher", "filename": "publisher.py", "message": "Message has been sent successfully."}
{"levelname": "INFO", "asctime": "2020-03-18 17:06:48,985", "name": "controller.publisher", "filename": "publisher.py", "message": "Status: Success; Topic: platform.upload.buckit; Partition: 10; Offset: 10; LastChecked: 2020-03-18T17:06:45.503695543Z"}
{"levelname": "DEBUG", "asctime": "2020-03-18 17:06:51,637", "name": "controller.consumer", "filename": "consumer.py", "message": "JSON schema validated"}
{"levelname": "DEBUG", "asctime": "2020-03-18 17:06:51,639", "name": "controller.consumer", "filename": "consumer.py", "message": "Identity schema validated"}
{"levelname": "DEBUG", "asctime": "2020-03-18 17:06:51,639", "name": "controller.consumer", "filename": "consumer.py", "message": "Extracted URL from input message: https://insights-dev-upload-perm.s3.minio.local.net"}
{"levelname": "DEBUG", "asctime": "2020-03-18 17:06:51,639", "name": "insights_messaging.consumers", "filename": "__init__.py", "message": "Downloading https://insights-dev-upload-perm.s3.minio.local.net"}
{"levelname": "DEBUG", "asctime": "2020-03-18 17:06:51,701", "name": "insights_messaging.consumers", "filename": "__init__.py", "message": "Saved https://insights-dev-upload-perm.s3.minio.local.net"}
{"levelname": "DEBUG", "asctime": "2020-03-18 17:06:53,675", "name": "controller.publisher", "filename": "publisher.py", "message": "Sending response to the ccx.ocp.results topic."}
{"levelname": "DEBUG", "asctime": "2020-03-18 17:06:53,676", "name": "controller.publisher", "filename": "publisher.py", "message": "Message has been sent successfully."}
{"levelname": "INFO", "asctime": "2020-03-18 17:06:53,677", "name": "controller.publisher", "filename": "publisher.py", "message": "Status: Success; Topic: platform.upload.buckit; Partition: 11; Offset: 10; LastChecked: 2020-03-18T17:06:50.621760948Z"}
{"levelname": "DEBUG", "asctime": "2020-03-18 19:53:15,521", "name": "controller.consumer", "filename": "consumer.py", "message": "JSON schema validated"}
{"levelname": "DEBUG", "asctime": "2020-03-18 19:53:15,523", "name": "controller.consumer", "filename": "consumer.py", "message": "Identity schema validated"}
{"levelname": "DEBUG", "asctime": "2020-03-18 19:53:15,524", "name": "controller.consumer", "filename": "consumer.py", "message": "Extracted URL from input message: https://insights-dev-upload-perm.s3.minio.local.net"}
{"levelname": "DEBUG", "asctime": "2020-03-18 19:53:15,524", "name": "insights_messaging.consumers", "filename": "__init__.py", "message": "Downloading https://insights-dev-upload-perm.s3.minio.local.net"}
{"levelname": "DEBUG", "asctime": "2020-03-18 19:53:15,605", "name": "insights_messaging.consumers", "filename": "__init__.py", "message": "Saved https://insights-dev-upload-perm.s3.minio.local.net"}
{"levelname": "DEBUG", "asctime": "2020-03-18 19:53:17,980", "name": "controller.publisher", "filename": "publisher.py", "message": "Sending response to the ccx.ocp.results topic."}
{"levelname": "DEBUG", "asctime": "2020-03-18 19:53:17,981", "name": "controller.publisher", "filename": "publisher.py", "message": "Message has been sent successfully."}
{"levelname": "INFO", "asctime": "2020-03-18 19:53:17,981", "name": "controller.publisher", "filename": "publisher.py", "message": "Status: Success; Topic: platform.upload.buckit; Partition: 12; Offset: 9; LastChecked: 2020-03-18T19:53:14.500722254Z"}
{"levelname": "DEBUG", "asctime": "2020-03-18 19:53:46,751", "name": "controller.consumer", "filename": "consumer.py", "message": "JSON schema validated"}
{"levelname": "DEBUG", "asctime": "2020-03-18 19:53:46,752", "name": "controller.consumer", "filename": "consumer.py", "message": "Identity schema validated"}
{"levelname": "DEBUG", "asctime": "2020-03-18 19:53:46,752", "name": "controller.consumer", "filename": "consumer.py", "message": "Extracted URL from input message: https://insights-dev-upload-perm.s3.minio.local.net"}
{"levelname": "DEBUG", "asctime": "2020-03-18 19:53:46,753", "name": "insights_messaging.consumers", "filename": "__init__.py", "message": "Downloading https://insights-dev-upload-perm.s3.minio.local.net"}
{"levelname": "DEBUG", "asctime": "2020-03-18 19:53:46,818", "name": "insights_messaging.consumers", "filename": "__init__.py", "message": "Saved https://insights-dev-upload-perm.s3.minio.local.net"}
{"levelname": "DEBUG", "asctime": "2020-03-18 19:53:47,183", "name": "controller.publisher", "filename": "publisher.py", "message": "Sending response to the ccx.ocp.results topic."}
{"levelname": "DEBUG", "asctime": "2020-03-18 19:53:47,184", "name": "controller.publisher", "filename": "publisher.py", "message": "Message has been sent successfully."}
{"levelname": "INFO", "asctime": "2020-03-18 19:53:47,184", "name": "controller.publisher", "filename": "publisher.py", "message": "Status: Success; Topic: platform.upload.buckit; Partition: 12; Offset: 10; LastChecked: 2020-03-18T19:53:18.937087274Z"}
{"levelname": "DEBUG", "asctime": "2020-03-18 19:53:53,416", "name": "controller.consumer", "filename": "consumer.py", "message": "JSON schema validated"}
{"levelname": "DEBUG", "asctime": "2020-03-18 19:53:53,417", "name": "controller.consumer", "filename": "consumer.py", "message": "Identity schema validated"}
{"levelname": "DEBUG", "asctime": "2020-03-18 19:53:53,417", "name": "controller.consumer", "filename": "consumer.py", "message": "Extracted URL from input message: https://insights-dev-upload-perm.s3.minio.local.net"}
{"levelname": "DEBUG", "asctime": "2020-03-18 19:53:53,417", "name": "insights_messaging.consumers", "filename": "__init__.py", "message": "Downloading https://insights-dev-upload-perm.s3.minio.local.net"}
{"levelname": "DEBUG", "asctime": "2020-03-18 19:53:53,504", "name": "insights_messaging.consumers", "filename": "__init__.py", "message": "Saved https://insights-dev-upload-perm.s3.minio.local.net"}
{"levelname": "DEBUG", "asctime": "2020-03-18 19:53:55,495", "name": "controller.publisher", "filename": "publisher.py", "message": "Sending response to the ccx.ocp.results topic."}
{"levelname": "DEBUG", "asctime": "2020-03-18 19:53:55,495", "name": "controller.publisher", "filename": "publisher.py", "message": "Message has been sent successfully."}
{"levelname": "INFO", "asctime": "2020-03-18 19:53:55,574", "name": "controller.publisher", "filename": "publisher.py", "message": "Status: Success; Topic: platform.upload.buckit; Partition: 13; Offset: 11; LastChecked: 2020-03-18T19:53:52.399936776Z"}
{"levelname": "DEBUG", "asctime": "2020-03-18 19:54:24,380", "name": "controller.consumer", "filename": "consumer.py", "message": "JSON schema validated"}
{"levelname": "DEBUG", "asctime": "2020-03-18 19:54:24,383", "name": "controller.consumer", "filename": "consumer.py", "message": "Identity schema validated"}
{"levelname": "DEBUG", "asctime": "2020-03-18 19:54:24,384", "name": "controller.consumer", "filename": "consumer.py", "message": "Extracted URL from input message: https://insights-dev-upload-perm.s3.minio.local.net"}
{"levelname": "DEBUG", "asctime": "2020-03-18 19:54:24,384", "name": "insights_messaging.consumers", "filename": "__init__.py", "message": "Downloading https://insights-dev-upload-perm.s3.minio.local.net"}
{"levelname": "DEBUG", "asctime": "2020-03-18 19:54:24,480", "name": "insights_messaging.consumers", "filename": "__init__.py", "message": "Saved https://insights-dev-upload-perm.s3.minio.local.net"}
{"levelname": "DEBUG", "asctime": "2020-03-18 19:54:26,784", "name": "controller.publisher", "filename": "publisher.py", "message": "Sending response to the ccx.ocp.results topic."}
{"levelname": "DEBUG", "asctime": "2020-03-18 19:54:26,785", "name": "controller.publisher", "filename": "publisher.py", "message": "Message has been sent successfully."}
{"levelname": "INFO", "asctime": "2020-03-18 19:54:26,785", "name": "controller.publisher", "filename": "publisher.py", "message": "Status: Success; Topic: platform.upload.buckit; Partition: 14; Offset: 11; LastChecked: 2020-03-18T19:54:23.354211883Z"}
{"levelname": "DEBUG", "asctime": "2020-03-18 19:54:29,482", "name": "controller.consumer", "filename": "consumer.py", "message": "JSON schema validated"}
{"levelname": "DEBUG", "asctime": "2020-03-18 19:54:29,483", "name": "controller.consumer", "filename": "consumer.py", "message": "Identity schema validated"}
{"levelname": "DEBUG", "asctime": "2020-03-18 19:54:29,484", "name": "controller.consumer", "filename": "consumer.py", "message": "Extracted URL from input message: https://insights-dev-upload-perm.s3.minio.local.net"}
{"levelname": "DEBUG", "asctime": "2020-03-18 19:54:29,484", "name": "insights_messaging.consumers", "filename": "__init__.py", "message": "Downloading https://insights-dev-upload-perm.s3.minio.local.net"}
{"levelname": "DEBUG", "asctime": "2020-03-18 19:54:29,573", "name": "insights_messaging.consumers", "filename": "__init__.py", "message": "Saved https://insights-dev-upload-perm.s3.minio.local.net"}
{"levelname": "DEBUG", "asctime": "2020-03-18 19:54:31,679", "name": "controller.publisher", "filename": "publisher.py", "message": "Sending response to the ccx.ocp.results topic."}
{"levelname": "DEBUG", "asctime": "2020-03-18 19:54:31,680", "name": "controller.publisher", "filename": "publisher.py", "message": "Message has been sent successfully."}
{"levelname": "INFO", "asctime": "2020-03-18 19:54:31,680", "name": "controller.publisher", "filename": "publisher.py", "message": "Status: Success; Topic: platform.upload.buckit; Partition: 15; Offset: 12; LastChecked: 2020-03-18T19:54:28.463896495Z"}
{"levelname": "DEBUG", "asctime": "2020-03-18 19:54:33,498", "name": "controller.consumer", "filename": "consumer.py", "message": "JSON schema validated"}
{"levelname": "DEBUG", "asctime": "2020-03-18 19:54:33,499", "name": "controller.consumer", "filename": "consumer.py", "message": "Identity schema validated"}
{"levelname": "DEBUG", "asctime": "2020-03-18 19:54:33,499", "name": "controller.consumer", "filename": "consumer.py", "message": "Extracted URL from input message: https://insights-dev-upload-perm.s3.minio.local.net"}
{"levelname": "DEBUG", "asctime": "2020-03-18 19:54:33,499", "name": "insights_messaging.consumers", "filename": "__init__.py", "message": "Downloading https://insights-dev-upload-perm.s3.minio.local.net"}
{"levelname": "DEBUG", "asctime": "2020-03-18 19:54:33,594", "name": "insights_messaging.consumers", "filename": "__init__.py", "message": "Saved https://insights-dev-upload-perm.s3.minio.local.net"}
{"levelname": "DEBUG", "asctime": "2020-03-18 19:54:35,887", "name": "controller.publisher", "filename": "publisher.py", "message": "Sending response to the ccx.ocp.results topic."}
{"levelname": "DEBUG", "asctime": "2020-03-18 19:54:35,888", "name": "controller.publisher", "filename": "publisher.py", "message": "Message has been sent successfully."}
{"levelname": "INFO", "asctime": "2020-03-18 19:54:35,888", "name": "controller.publisher", "filename": "publisher.py", "message": "Status: Success; Topic: platform.upload.buckit; Partition: 0; Offset: 17; LastChecked: 2020-03-18T19:54:32.484299853Z"}
{"levelname": "DEBUG", "asctime": "2020-03-18 21:21:16,293", "name": "controller.consumer", "filename": "consumer.py", "message": "JSON schema validated"}
{"levelname": "DEBUG", "asctime": "2020-03-18 21:21:16,295", "name": "controller.consumer", "filename": "consumer.py", "message": "Identity schema validated"}
{"levelname": "DEBUG", "asctime": "2020-03-18 21:21:16,295", "name": "controller.consumer", "filename": "consumer.py", "message": "Extracted URL from input message: https://insights-dev-upload-perm.s3.minio.local.net"}
{"levelname": "DEBUG", "asctime": "2020-03-18 21:21:16,295", "name": "insights_messaging.consumers", "filename": "__init__.py", "message": "Downloading https://insights-dev-upload-perm.s3.minio.local.net"}
{"levelname": "DEBUG", "asctime": "2020-03-18 21:21:16,389", "name": "insights_messaging.consumers", "filename": "__init__.py", "message": "Saved https://insights-dev-upload-perm.s3.minio.local.net"}
{"levelname": "DEBUG", "asctime": "2020-03-18 21:21:18,387", "name": "controller.publisher", "filename": "publisher.py", "message": "Sending response to the ccx.ocp.results topic."}
{"levelname": "DEBUG", "asctime": "2020-03-18 21:21:18,390", "name": "controller.publisher", "filename": "publisher.py", "message": "Message has been sent successfully."}
{"levelname": "INFO", "asctime": "2020-03-18 21:21:18,390", "name": "controller.publisher", "filename": "publisher.py", "message": "Status: Success; Topic: platform.upload.buckit; Partition: 1; Offset: 15; LastChecked: 2020-03-18T21:21:15.278724578Z"}
{"levelname": "DEBUG", "asctime": "2020-03-18 21:21:19,816", "name": "controller.consumer", "filename": "consumer.py", "message": "JSON schema validated"}
{"levelname": "DEBUG", "asctime": "2020-03-18 21:21:19,817", "name": "controller.consumer", "filename": "consumer.py", "message": "Identity schema validated"}
{"levelname": "DEBUG", "asctime": "2020-03-18 21:21:19,817", "name": "controller.consumer", "filename": "consumer.py", "message": "Extracted URL from input message: https://insights-dev-upload-perm.s3.minio.local.net"}
{"levelname": "DEBUG", "asctime": "2020-03-18 21:21:19,818", "name": "insights_messaging.consumers", "filename": "__init__.py", "message": "Downloading https://insights-dev-upload-perm.s3.minio.local.net"}
{"levelname": "DEBUG", "asctime": "2020-03-18 21:21:19,923", "name": "insights_messaging.consumers", "filename": "__init__.py", "message": "Saved https://insights-dev-upload-perm.s3.minio.local.net"}
{"levelname": "DEBUG", "asctime": "2020-03-18 21:21:20,189", "name": "controller.publisher", "filename": "publisher.py", "message": "Sending response to the ccx.ocp.results topic."}
{"levelname": "DEBUG", "asctime": "2020-03-18 21:21:20,190", "name": "controller.publisher", "filename": "publisher.py", "message": "Message has been sent successfully."}
{"levelname": "INFO", "asctime": "2020-03-18 21:21:20,190", "name": "controller.publisher", "filename": "publisher.py", "message": "Status: Success; Topic: platform.upload.buckit; Partition: 2; Offset: 14; LastChecked: 2020-03-18T21:21:18.801720991Z"}
{"levelname": "DEBUG", "asctime": "2020-03-18 21:21:51,577", "name": "controller.consumer", "filename": "consumer.py", "message": "JSON schema validated"}
{"levelname": "DEBUG", "asctime": "2020-03-18 21:21:51,579", "name": "controller.consumer", "filename": "consumer.py", "message": "Identity schema validated"}
{"levelname": "DEBUG", "asctime": "2020-03-18 21:21:51,579", "name": "controller.consumer", "filename": "consumer.py", "message": "Extracted URL from input message: https://insights-dev-upload-perm.s3.minio.local.net"}
{"levelname": "DEBUG", "asctime": "2020-03-18 21:21:51,579", "name": "insights_messaging.consumers", "filename": "__init__.py", "message": "Downloading https://insights-dev-upload-perm.s3.minio.local.net"}
{"levelname": "DEBUG", "asctime": "2020-03-18 21:21:51,665", "name": "insights_messaging.consumers", "filename": "__init__.py", "message": "Saved https://insights-dev-upload-perm.s3.minio.local.net"}
{"levelname": "DEBUG", "asctime": "2020-03-18 21:21:53,887", "name": "controller.publisher", "filename": "publisher.py", "message": "Sending response to the ccx.ocp.results topic."}
{"levelname": "DEBUG", "asctime": "2020-03-18 21:21:53,888", "name": "controller.publisher", "filename": "publisher.py", "message": "Message has been sent successfully."}
{"levelname": "INFO", "asctime": "2020-03-18 21:21:53,888", "name": "controller.publisher", "filename": "publisher.py", "message": "Status: Success; Topic: platform.upload.buckit; Partition: 3; Offset: 13; LastChecked: 2020-03-18T21:21:50.55862903Z"}
{"levelname": "DEBUG", "asctime": "2020-03-18 21:22:23,178", "name": "controller.consumer", "filename": "consumer.py", "message": "JSON schema validated"}
{"levelname": "DEBUG", "asctime": "2020-03-18 21:22:23,180", "name": "controller.consumer", "filename": "consumer.py", "message": "Identity schema validated"}
{"levelname": "DEBUG", "asctime": "2020-03-18 21:22:23,180", "name": "controller.consumer", "filename": "consumer.py", "message": "Extracted URL from input message: https://insights-dev-upload-perm.s3.minio.local.net"}
{"levelname": "DEBUG", "asctime": "2020-03-18 21:22:23,180", "name": "insights_messaging.consumers", "filename": "__init__.py", "message": "Downloading https://insights-dev-upload-perm.s3.minio.local.net"}
{"levelname": "DEBUG", "asctime": "2020-03-18 21:22:23,297", "name": "insights_messaging.consumers", "filename": "__init__.py", "message": "Saved https://insights-dev-upload-perm.s3.minio.local.net"}
{"levelname": "DEBUG", "asctime": "2020-03-18 21:22:25,284", "name": "controller.publisher", "filename": "publisher.py", "message": "Sending response to the ccx.ocp.results topic."}
{"levelname": "DEBUG", "asctime": "2020-03-18 21:22:25,285", "name": "controller.publisher", "filename": "publisher.py", "message": "Message has been sent successfully."}
{"levelname": "INFO", "asctime": "2020-03-18 21:22:25,285", "name": "controller.publisher", "filename": "publisher.py", "message": "Status: Success; Topic: platform.upload.buckit; Partition: 4; Offset: 12; LastChecked: 2020-03-18T21:22:22.159309875Z"}
{"levelname": "DEBUG", "asctime": "2020-03-18 21:22:27,230", "name": "controller.consumer", "filename": "consumer.py", "message": "JSON schema validated"}
{"levelname": "DEBUG", "asctime": "2020-03-18 21:22:27,232", "name": "controller.consumer", "filename": "consumer.py", "message": "Identity schema validated"}
{"levelname": "DEBUG", "asctime": "2020-03-18 21:22:27,232", "name": "controller.consumer", "filename": "consumer.py", "message": "Extracted URL from input message: https://insights-dev-upload-perm.s3.minio.local.net"}
{"levelname": "DEBUG", "asctime": "2020-03-18 21:22:27,232", "name": "insights_messaging.consumers", "filename": "__init__.py", "message": "Downloading https://insights-dev-upload-perm.s3.minio.local.net"}
{"levelname": "DEBUG", "asctime": "2020-03-18 21:22:27,293", "name": "insights_messaging.consumers", "filename": "__init__.py", "message": "Saved https://insights-dev-upload-perm.s3.minio.local.net"}
{"levelname": "DEBUG", "asctime": "2020-03-18 21:22:29,587", "name": "controller.publisher", "filename": "publisher.py", "message": "Sending response to the ccx.ocp.results topic."}
{"levelname": "DEBUG", "asctime": "2020-03-18 21:22:29,588", "name": "controller.publisher", "filename": "publisher.py", "message": "Message has been sent successfully."}
{"levelname": "INFO", "asctime": "2020-03-18 21:22:29,588", "name": "controller.publisher", "filename": "publisher.py", "message": "Status: Success; Topic: platform.upload.buckit; Partition: 5; Offset: 13; LastChecked: 2020-03-18T21:22:26.216552408Z"}
{"levelname": "DEBUG", "asctime": "2020-03-18 21:22:32,607", "name": "controller.consumer", "filename": "consumer.py", "message": "JSON schema validated"}
{"levelname": "DEBUG", "asctime": "2020-03-18 21:22:32,609", "name": "controller.consumer", "filename": "consumer.py", "message": "Identity schema validated"}
{"levelname": "DEBUG", "asctime": "2020-03-18 21:22:32,609", "name": "controller.consumer", "filename": "consumer.py", "message": "Extracted URL from input message: https://insights-dev-upload-perm.s3.minio.local.net"}
{"levelname": "DEBUG", "asctime": "2020-03-18 21:22:32,609", "name": "insights_messaging.consumers", "filename": "__init__.py", "message": "Downloading https://insights-dev-upload-perm.s3.minio.local.net"}
{"levelname": "DEBUG", "asctime": "2020-03-18 21:22:32,692", "name": "insights_messaging.consumers", "filename": "__init__.py", "message": "Saved https://insights-dev-upload-perm.s3.minio.local.net"}
{"levelname": "DEBUG", "asctime": "2020-03-18 21:22:34,586", "name": "controller.publisher", "filename": "publisher.py", "message": "Sending response to the ccx.ocp.results topic."}
{"levelname": "DEBUG", "asctime": "2020-03-18 21:22:34,587", "name": "controller.publisher", "filename": "publisher.py", "message": "Message has been sent successfully."}
{"levelname": "INFO", "asctime": "2020-03-18 21:22:34,587", "name": "controller.publisher", "filename": "publisher.py", "message": "Status: Success; Topic: platform.upload.buckit; Partition: 6; Offset: 11; LastChecked: 2020-03-18T21:22:31.151067673Z"}
{"levelname": "DEBUG", "asctime": "2020-03-18 23:21:08,213", "name": "controller.consumer", "filename": "consumer.py", "message": "JSON schema validated"}
{"levelname": "DEBUG", "asctime": "2020-03-18 23:21:08,216", "name": "controller.consumer", "filename": "consumer.py", "message": "Identity schema validated"}
{"levelname": "DEBUG", "asctime": "2020-03-18 23:21:08,216", "name": "controller.consumer", "filename": "consumer.py", "message": "Extracted URL from input message: https://insights-dev-upload-perm.s3.minio.local.net"}
{"levelname": "DEBUG", "asctime": "2020-03-18 23:21:08,216", "name": "insights_messaging.consumers", "filename": "__init__.py", "message": "Downloading https://insights-dev-upload-perm.s3.minio.local.net"}
{"levelname": "DEBUG", "asctime": "2020-03-18 23:21:08,301", "name": "insights_messaging.consumers", "filename": "__init__.py", "message": "Saved https://insights-dev-upload-perm.s3.minio.local.net"}
{"levelname": "DEBUG", "asctime": "2020-03-18 23:21:10,490", "name": "controller.publisher", "filename": "publisher.py", "message": "Sending response to the ccx.ocp.results topic."}
{"levelname": "DEBUG", "asctime": "2020-03-18 23:21:10,491", "name": "controller.publisher", "filename": "publisher.py", "message": "Message has been sent successfully."}
{"levelname": "INFO", "asctime": "2020-03-18 23:21:10,491", "name": "controller.publisher", "filename": "publisher.py", "message": "Status: Success; Topic: platform.upload.buckit; Partition: 7; Offset: 11; LastChecked: 2020-03-18T23:21:07.179016534Z"}
{"levelname": "DEBUG", "asctime": "2020-03-18 23:21:12,520", "name": "controller.consumer", "filename": "consumer.py", "message": "JSON schema validated"}
{"levelname": "DEBUG", "asctime": "2020-03-18 23:21:12,522", "name": "controller.consumer", "filename": "consumer.py", "message": "Identity schema validated"}
{"levelname": "DEBUG", "asctime": "2020-03-18 23:21:12,522", "name": "controller.consumer", "filename": "consumer.py", "message": "Extracted URL from input message: https://insights-dev-upload-perm.s3.minio.local.net"}
{"levelname": "DEBUG", "asctime": "2020-03-18 23:21:12,522", "name": "insights_messaging.consumers", "filename": "__init__.py", "message": "Downloading https://insights-dev-upload-perm.s3.minio.local.net"}
{"levelname": "DEBUG", "asctime": "2020-03-18 23:21:12,592", "name": "insights_messaging.consumers", "filename": "__init__.py", "message": "Saved https://insights-dev-upload-perm.s3.minio.local.net"}
{"levelname": "DEBUG", "asctime": "2020-03-18 23:21:12,892", "name": "controller.publisher", "filename": "publisher.py", "message": "Sending response to the ccx.ocp.results topic."}
{"levelname": "DEBUG", "asctime": "2020-03-18 23:21:12,893", "name": "controller.publisher", "filename": "publisher.py", "message": "Message has been sent successfully."}
{"levelname": "INFO", "asctime": "2020-03-18 23:21:12,893", "name": "controller.publisher", "filename": "publisher.py", "message": "Status: Success; Topic: platform.upload.buckit; Partition: 8; Offset: 11; LastChecked: 2020-03-18T23:21:11.506198646Z"}
{"levelname": "DEBUG", "asctime": "2020-03-18 23:21:45,435", "name": "controller.consumer", "filename": "consumer.py", "message": "JSON schema validated"}
{"levelname": "DEBUG", "asctime": "2020-03-18 23:21:45,436", "name": "controller.consumer", "filename": "consumer.py", "message": "Identity schema validated"}
{"levelname": "DEBUG", "asctime": "2020-03-18 23:21:45,437", "name": "controller.consumer", "filename": "consumer.py", "message": "Extracted URL from input message: https://insights-dev-upload-perm.s3.minio.local.net"}
{"levelname": "DEBUG", "asctime": "2020-03-18 23:21:45,437", "name": "insights_messaging.consumers", "filename": "__init__.py", "message": "Downloading https://insights-dev-upload-perm.s3.minio.local.net"}
{"levelname": "DEBUG", "asctime": "2020-03-18 23:21:45,518", "name": "insights_messaging.consumers", "filename": "__init__.py", "message": "Saved https://insights-dev-upload-perm.s3.minio.local.net"}
{"levelname": "DEBUG", "asctime": "2020-03-18 23:21:48,083", "name": "controller.publisher", "filename": "publisher.py", "message": "Sending response to the ccx.ocp.results topic."}
{"levelname": "DEBUG", "asctime": "2020-03-18 23:21:48,084", "name": "controller.publisher", "filename": "publisher.py", "message": "Message has been sent successfully."}
{"levelname": "INFO", "asctime": "2020-03-18 23:21:48,085", "name": "controller.publisher", "filename": "publisher.py", "message": "Status: Success; Topic: platform.upload.buckit; Partition: 9; Offset: 11; LastChecked: 2020-03-18T23:21:44.420844489Z"}
{"levelname": "DEBUG", "asctime": "2020-03-18 23:22:16,547", "name": "controller.consumer", "filename": "consumer.py", "message": "JSON schema validated"}
{"levelname": "DEBUG", "asctime": "2020-03-18 23:22:16,548", "name": "controller.consumer", "filename": "consumer.py", "message": "Identity schema validated"}
{"levelname": "DEBUG", "asctime": "2020-03-18 23:22:16,549", "name": "controller.consumer", "filename": "consumer.py", "message": "Extracted URL from input message: https://insights-dev-upload-perm.s3.minio.local.net"}
{"levelname": "DEBUG", "asctime": "2020-03-18 23:22:16,549", "name": "insights_messaging.consumers", "filename": "__init__.py", "message": "Downloading https://insights-dev-upload-perm.s3.minio.local.net"}
{"levelname": "DEBUG", "asctime": "2020-03-18 23:22:16,612", "name": "insights_messaging.consumers", "filename": "__init__.py", "message": "Saved https://insights-dev-upload-perm.s3.minio.local.net"}
{"levelname": "DEBUG", "asctime": "2020-03-18 23:22:18,584", "name": "controller.publisher", "filename": "publisher.py", "message": "Sending response to the ccx.ocp.results topic."}
{"levelname": "DEBUG", "asctime": "2020-03-18 23:22:18,585", "name": "controller.publisher", "filename": "publisher.py", "message": "Message has been sent successfully."}
{"levelname": "INFO", "asctime": "2020-03-18 23:22:18,585", "name": "controller.publisher", "filename": "publisher.py", "message": "Status: Success; Topic: platform.upload.buckit; Partition: 10; Offset: 11; LastChecked: 2020-03-18T23:22:15.534256899Z"}
{"levelname": "DEBUG", "asctime": "2020-03-18 23:22:20,228", "name": "controller.consumer", "filename": "consumer.py", "message": "JSON schema validated"}
{"levelname": "DEBUG", "asctime": "2020-03-18 23:22:20,229", "name": "controller.consumer", "filename": "consumer.py", "message": "Identity schema validated"}
{"levelname": "DEBUG", "asctime": "2020-03-18 23:22:20,230", "name": "controller.consumer", "filename": "consumer.py", "message": "Extracted URL from input message: https://insights-dev-upload-perm.s3.minio.local.net"}
{"levelname": "DEBUG", "asctime": "2020-03-18 23:22:20,230", "name": "insights_messaging.consumers", "filename": "__init__.py", "message": "Downloading https://insights-dev-upload-perm.s3.minio.local.net"}
{"levelname": "DEBUG", "asctime": "2020-03-18 23:22:20,287", "name": "insights_messaging.consumers", "filename": "__init__.py", "message": "Saved https://insights-dev-upload-perm.s3.minio.local.net"}
{"levelname": "DEBUG", "asctime": "2020-03-18 23:22:22,974", "name": "controller.publisher", "filename": "publisher.py", "message": "Sending response to the ccx.ocp.results topic."}
{"levelname": "DEBUG", "asctime": "2020-03-18 23:22:22,975", "name": "controller.publisher", "filename": "publisher.py", "message": "Message has been sent successfully."}
{"levelname": "INFO", "asctime": "2020-03-18 23:22:22,975", "name": "controller.publisher", "filename": "publisher.py", "message": "Status: Success; Topic: platform.upload.buckit; Partition: 11; Offset: 11; LastChecked: 2020-03-18T23:22:19.215736868Z"}
{"levelname": "DEBUG", "asctime": "2020-03-18 23:22:44,498", "name": "controller.consumer", "filename": "consumer.py", "message": "JSON schema validated"}
{"levelname": "DEBUG", "asctime": "2020-03-18 23:22:44,500", "name": "controller.consumer", "filename": "consumer.py", "message": "Identity schema validated"}
{"levelname": "DEBUG", "asctime": "2020-03-18 23:22:44,500", "name": "controller.consumer", "filename": "consumer.py", "message": "Extracted URL from input message: https://insights-dev-upload-perm.s3.minio.local.net"}
{"levelname": "DEBUG", "asctime": "2020-03-18 23:22:44,500", "name": "insights_messaging.consumers", "filename": "__init__.py", "message": "Downloading https://insights-dev-upload-perm.s3.minio.local.net"}
{"levelname": "DEBUG", "asctime": "2020-03-18 23:22:44,574", "name": "insights_messaging.consumers", "filename": "__init__.py", "message": "Saved https://insights-dev-upload-perm.s3.minio.local.net"}
{"levelname": "DEBUG", "asctime": "2020-03-18 23:22:46,587", "name": "controller.publisher", "filename": "publisher.py", "message": "Sending response to the ccx.ocp.results topic."}
{"levelname": "DEBUG", "asctime": "2020-03-18 23:22:46,588", "name": "controller.publisher", "filename": "publisher.py", "message": "Message has been sent successfully."}
{"levelname": "INFO", "asctime": "2020-03-18 23:22:46,588", "name": "controller.publisher", "filename": "publisher.py", "message": "Status: Success; Topic: platform.upload.buckit; Partition: 7; Offset: 12; LastChecked: 2020-03-18T23:22:23.984825107Z"}
{"levelname": "DEBUG", "asctime": "2020-03-19 07:31:12,516", "name": "controller.consumer", "filename": "consumer.py", "message": "JSON schema validated"}
{"levelname": "DEBUG", "asctime": "2020-03-19 07:31:12,519", "name": "controller.consumer", "filename": "consumer.py", "message": "Identity schema validated"}
{"levelname": "DEBUG", "asctime": "2020-03-19 07:31:12,519", "name": "controller.consumer", "filename": "consumer.py", "message": "Extracted URL from input message: https://insights-dev-upload-perm.s3.minio.local.net"}
{"levelname": "DEBUG", "asctime": "2020-03-19 07:31:12,519", "name": "insights_messaging.consumers", "filename": "__init__.py", "message": "Downloading https://insights-dev-upload-perm.s3.minio.local.net"}
{"levelname": "DEBUG", "asctime": "2020-03-19 07:31:12,592", "name": "insights_messaging.consumers", "filename": "__init__.py", "message": "Saved https://insights-dev-upload-perm.s3.minio.local.net"}
{"levelname": "DEBUG", "asctime": "2020-03-19 07:31:14,884", "name": "controller.publisher", "filename": "publisher.py", "message": "Sending response to the ccx.ocp.results topic."}
{"levelname": "DEBUG", "asctime": "2020-03-19 07:31:14,885", "name": "controller.publisher", "filename": "publisher.py", "message": "Message has been sent successfully."}
{"levelname": "INFO", "asctime": "2020-03-19 07:31:14,885", "name": "controller.publisher", "filename": "publisher.py", "message": "Status: Success; Topic: platform.upload.buckit; Partition: 12; Offset: 11; LastChecked: 2020-03-19T07:31:05.099770642Z"}
{"levelname": "DEBUG", "asctime": "2020-03-19 08:10:11,484", "name": "controller.consumer", "filename": "consumer.py", "message": "JSON schema validated"}
{"levelname": "DEBUG", "asctime": "2020-03-19 08:10:11,486", "name": "controller.consumer", "filename": "consumer.py", "message": "Identity schema validated"}
{"levelname": "DEBUG", "asctime": "2020-03-19 08:10:11,486", "name": "controller.consumer", "filename": "consumer.py", "message": "Extracted URL from input message: https://insights-dev-upload-perm.s3.minio.local.net"}
{"levelname": "DEBUG", "asctime": "2020-03-19 08:10:11,486", "name": "insights_messaging.consumers", "filename": "__init__.py", "message": "Downloading https://insights-dev-upload-perm.s3.minio.local.net"}
{"levelname": "DEBUG", "asctime": "2020-03-19 08:10:11,558", "name": "insights_messaging.consumers", "filename": "__init__.py", "message": "Saved https://insights-dev-upload-perm.s3.minio.local.net"}
{"levelname": "DEBUG", "asctime": "2020-03-19 08:10:13,774", "name": "controller.publisher", "filename": "publisher.py", "message": "Sending response to the ccx.ocp.results topic."}
{"levelname": "DEBUG", "asctime": "2020-03-19 08:10:13,775", "name": "controller.publisher", "filename": "publisher.py", "message": "Message has been sent successfully."}
{"levelname": "INFO", "asctime": "2020-03-19 08:10:13,775", "name": "controller.publisher", "filename": "publisher.py", "message": "Status: Success; Topic: platform.upload.buckit; Partition: 13; Offset: 12; LastChecked: 2020-03-19T08:10:10.469601838Z"}
{"levelname": "DEBUG", "asctime": "2020-03-19 08:10:15,114", "name": "controller.consumer", "filename": "consumer.py", "message": "JSON schema validated"}
{"levelname": "DEBUG", "asctime": "2020-03-19 08:10:15,116", "name": "controller.consumer", "filename": "consumer.py", "message": "Identity schema validated"}
{"levelname": "DEBUG", "asctime": "2020-03-19 08:10:15,116", "name": "controller.consumer", "filename": "consumer.py", "message": "Extracted URL from input message: https://insights-dev-upload-perm.s3.minio.local.net"}
{"levelname": "DEBUG", "asctime": "2020-03-19 08:10:15,116", "name": "insights_messaging.consumers", "filename": "__init__.py", "message": "Downloading https://insights-dev-upload-perm.s3.minio.local.net"}
{"levelname": "DEBUG", "asctime": "2020-03-19 08:10:15,182", "name": "insights_messaging.consumers", "filename": "__init__.py", "message": "Saved https://insights-dev-upload-perm.s3.minio.local.net"}
{"levelname": "DEBUG", "asctime": "2020-03-19 08:10:15,487", "name": "controller.publisher", "filename": "publisher.py", "message": "Sending response to the ccx.ocp.results topic."}
{"levelname": "DEBUG", "asctime": "2020-03-19 08:10:15,488", "name": "controller.publisher", "filename": "publisher.py", "message": "Message has been sent successfully."}
{"levelname": "INFO", "asctime": "2020-03-19 08:10:15,488", "name": "controller.publisher", "filename": "publisher.py", "message": "Status: Success; Topic: platform.upload.buckit; Partition: 14; Offset: 12; LastChecked: 2020-03-19T08:10:14.100799139Z"}
{"levelname": "DEBUG", "asctime": "2020-03-19 08:10:47,383", "name": "controller.consumer", "filename": "consumer.py", "message": "JSON schema validated"}
{"levelname": "DEBUG", "asctime": "2020-03-19 08:10:47,385", "name": "controller.consumer", "filename": "consumer.py", "message": "Identity schema validated"}
{"levelname": "DEBUG", "asctime": "2020-03-19 08:10:47,385", "name": "controller.consumer", "filename": "consumer.py", "message": "Extracted URL from input message: https://insights-dev-upload-perm.s3.minio.local.net"}
{"levelname": "DEBUG", "asctime": "2020-03-19 08:10:47,385", "name": "insights_messaging.consumers", "filename": "__init__.py", "message": "Downloading https://insights-dev-upload-perm.s3.minio.local.net"}
{"levelname": "DEBUG", "asctime": "2020-03-19 08:10:47,526", "name": "insights_messaging.consumers", "filename": "__init__.py", "message": "Saved https://insights-dev-upload-perm.s3.minio.local.net"}
{"levelname": "DEBUG", "asctime": "2020-03-19 08:10:49,986", "name": "controller.publisher", "filename": "publisher.py", "message": "Sending response to the ccx.ocp.results topic."}
{"levelname": "DEBUG", "asctime": "2020-03-19 08:10:49,987", "name": "controller.publisher", "filename": "publisher.py", "message": "Message has been sent successfully."}
{"levelname": "INFO", "asctime": "2020-03-19 08:10:49,987", "name": "controller.publisher", "filename": "publisher.py", "message": "Status: Success; Topic: platform.upload.buckit; Partition: 15; Offset: 13; LastChecked: 2020-03-19T08:10:46.364178569Z"}
{"levelname": "DEBUG", "asctime": "2020-03-19 08:11:18,155", "name": "controller.consumer", "filename": "consumer.py", "message": "JSON schema validated"}
{"levelname": "DEBUG", "asctime": "2020-03-19 08:11:18,157", "name": "controller.consumer", "filename": "consumer.py", "message": "Identity schema validated"}
{"levelname": "DEBUG", "asctime": "2020-03-19 08:11:18,157", "name": "controller.consumer", "filename": "consumer.py", "message": "Extracted URL from input message: https://insights-dev-upload-perm.s3.minio.local.net"}
{"levelname": "DEBUG", "asctime": "2020-03-19 08:11:18,157", "name": "insights_messaging.consumers", "filename": "__init__.py", "message": "Downloading https://insights-dev-upload-perm.s3.minio.local.net"}
{"levelname": "DEBUG", "asctime": "2020-03-19 08:11:18,270", "name": "insights_messaging.consumers", "filename": "__init__.py", "message": "Saved https://insights-dev-upload-perm.s3.minio.local.net"}
{"levelname": "DEBUG", "asctime": "2020-03-19 08:11:20,090", "name": "controller.publisher", "filename": "publisher.py", "message": "Sending response to the ccx.ocp.results topic."}
{"levelname": "DEBUG", "asctime": "2020-03-19 08:11:20,091", "name": "controller.publisher", "filename": "publisher.py", "message": "Message has been sent successfully."}
{"levelname": "INFO", "asctime": "2020-03-19 08:11:20,091", "name": "controller.publisher", "filename": "publisher.py", "message": "Status: Success; Topic: platform.upload.buckit; Partition: 0; Offset: 18; LastChecked: 2020-03-19T08:11:17.140358008Z"}
{"levelname": "DEBUG", "asctime": "2020-03-19 08:11:21,980", "name": "controller.consumer", "filename": "consumer.py", "message": "JSON schema validated"}
{"levelname": "DEBUG", "asctime": "2020-03-19 08:11:21,981", "name": "controller.consumer", "filename": "consumer.py", "message": "Identity schema validated"}
{"levelname": "DEBUG", "asctime": "2020-03-19 08:11:21,982", "name": "controller.consumer", "filename": "consumer.py", "message": "Extracted URL from input message: https://insights-dev-upload-perm.s3.minio.local.net"}
{"levelname": "DEBUG", "asctime": "2020-03-19 08:11:21,982", "name": "insights_messaging.consumers", "filename": "__init__.py", "message": "Downloading https://insights-dev-upload-perm.s3.minio.local.net"}
{"levelname": "DEBUG", "asctime": "2020-03-19 08:11:22,055", "name": "insights_messaging.consumers", "filename": "__init__.py", "message": "Saved https://insights-dev-upload-perm.s3.minio.local.net"}
{"levelname": "DEBUG", "asctime": "2020-03-19 08:11:24,185", "name": "controller.publisher", "filename": "publisher.py", "message": "Sending response to the ccx.ocp.results topic."}
{"levelname": "DEBUG", "asctime": "2020-03-19 08:11:24,186", "name": "controller.publisher", "filename": "publisher.py", "message": "Message has been sent successfully."}
{"levelname": "INFO", "asctime": "2020-03-19 08:11:24,186", "name": "controller.publisher", "filename": "publisher.py", "message": "Status: Success; Topic: platform.upload.buckit; Partition: 1; Offset: 16; LastChecked: 2020-03-19T08:11:20.966224912Z"}
{"levelname": "DEBUG", "asctime": "2020-03-19 08:11:25,951", "name": "controller.consumer", "filename": "consumer.py", "message": "JSON schema validated"}
{"levelname": "DEBUG", "asctime": "2020-03-19 08:11:25,952", "name": "controller.consumer", "filename": "consumer.py", "message": "Identity schema validated"}
{"levelname": "DEBUG", "asctime": "2020-03-19 08:11:25,953", "name": "controller.consumer", "filename": "consumer.py", "message": "Extracted URL from input message: https://insights-dev-upload-perm.s3.minio.local.net"}
{"levelname": "DEBUG", "asctime": "2020-03-19 08:11:25,953", "name": "insights_messaging.consumers", "filename": "__init__.py", "message": "Downloading https://insights-dev-upload-perm.s3.minio.local.net"}
{"levelname": "DEBUG", "asctime": "2020-03-19 08:11:26,013", "name": "insights_messaging.consumers", "filename": "__init__.py", "message": "Saved https://insights-dev-upload-perm.s3.minio.local.net"}
{"levelname": "DEBUG", "asctime": "2020-03-19 08:11:27,887", "name": "controller.publisher", "filename": "publisher.py", "message": "Sending response to the ccx.ocp.results topic."}
{"levelname": "DEBUG", "asctime": "2020-03-19 08:11:27,887", "name": "controller.publisher", "filename": "publisher.py", "message": "Message has been sent successfully."}
{"levelname": "INFO", "asctime": "2020-03-19 08:11:27,887", "name": "controller.publisher", "filename": "publisher.py", "message": "Status: Success; Topic: platform.upload.buckit; Partition: 2; Offset: 15; LastChecked: 2020-03-19T08:11:24.937744292Z"}
{"levelname": "DEBUG", "asctime": "2020-03-19 09:52:11,367", "name": "controller.consumer", "filename": "consumer.py", "message": "JSON schema validated"}
{"levelname": "DEBUG", "asctime": "2020-03-19 09:52:11,368", "name": "controller.consumer", "filename": "consumer.py", "message": "Identity schema validated"}
{"levelname": "DEBUG", "asctime": "2020-03-19 09:52:11,369", "name": "controller.consumer", "filename": "consumer.py", "message": "Extracted URL from input message: https://insights-dev-upload-perm.s3.minio.local.net"}
{"levelname": "DEBUG", "asctime": "2020-03-19 09:52:11,369", "name": "insights_messaging.consumers", "filename": "__init__.py", "message": "Downloading https://insights-dev-upload-perm.s3.minio.local.net"}
{"levelname": "DEBUG", "asctime": "2020-03-19 09:52:11,434", "name": "insights_messaging.consumers", "filename": "__init__.py", "message": "Saved https://insights-dev-upload-perm.s3.minio.local.net"}
{"levelname": "DEBUG", "asctime": "2020-03-19 09:52:13,579", "name": "controller.publisher", "filename": "publisher.py", "message": "Sending response to the ccx.ocp.results topic."}
{"levelname": "DEBUG", "asctime": "2020-03-19 09:52:13,580", "name": "controller.publisher", "filename": "publisher.py", "message": "Message has been sent successfully."}
{"levelname": "INFO", "asctime": "2020-03-19 09:52:13,580", "name": "controller.publisher", "filename": "publisher.py", "message": "Status: Success; Topic: platform.upload.buckit; Partition: 3; Offset: 14; LastChecked: 2020-03-19T09:52:10.35085924Z"}
{"levelname": "DEBUG", "asctime": "2020-03-19 09:52:15,713", "name": "controller.consumer", "filename": "consumer.py", "message": "JSON schema validated"}
{"levelname": "DEBUG", "asctime": "2020-03-19 09:52:15,714", "name": "controller.consumer", "filename": "consumer.py", "message": "Identity schema validated"}
{"levelname": "DEBUG", "asctime": "2020-03-19 09:52:15,714", "name": "controller.consumer", "filename": "consumer.py", "message": "Extracted URL from input message: https://insights-dev-upload-perm.s3.minio.local.net"}
{"levelname": "DEBUG", "asctime": "2020-03-19 09:52:15,714", "name": "insights_messaging.consumers", "filename": "__init__.py", "message": "Downloading https://insights-dev-upload-perm.s3.minio.local.net"}
{"levelname": "DEBUG", "asctime": "2020-03-19 09:52:15,770", "name": "insights_messaging.consumers", "filename": "__init__.py", "message": "Saved https://insights-dev-upload-perm.s3.minio.local.net"}
{"levelname": "DEBUG", "asctime": "2020-03-19 09:52:16,084", "name": "controller.publisher", "filename": "publisher.py", "message": "Sending response to the ccx.ocp.results topic."}
{"levelname": "DEBUG", "asctime": "2020-03-19 09:52:16,084", "name": "controller.publisher", "filename": "publisher.py", "message": "Message has been sent successfully."}
{"levelname": "INFO", "asctime": "2020-03-19 09:52:16,084", "name": "controller.publisher", "filename": "publisher.py", "message": "Status: Success; Topic: platform.upload.buckit; Partition: 4; Offset: 13; LastChecked: 2020-03-19T09:52:14.699411341Z"}
{"levelname": "DEBUG", "asctime": "2020-03-19 09:52:48,125", "name": "controller.consumer", "filename": "consumer.py", "message": "JSON schema validated"}
{"levelname": "DEBUG", "asctime": "2020-03-19 09:52:48,126", "name": "controller.consumer", "filename": "consumer.py", "message": "Identity schema validated"}
{"levelname": "DEBUG", "asctime": "2020-03-19 09:52:48,127", "name": "controller.consumer", "filename": "consumer.py", "message": "Extracted URL from input message: https://insights-dev-upload-perm.s3.minio.local.net"}
{"levelname": "DEBUG", "asctime": "2020-03-19 09:52:48,127", "name": "insights_messaging.consumers", "filename": "__init__.py", "message": "Downloading https://insights-dev-upload-perm.s3.minio.local.net"}
{"levelname": "DEBUG", "asctime": "2020-03-19 09:52:48,228", "name": "insights_messaging.consumers", "filename": "__init__.py", "message": "Saved https://insights-dev-upload-perm.s3.minio.local.net"}
{"levelname": "DEBUG", "asctime": "2020-03-19 09:52:50,175", "name": "controller.publisher", "filename": "publisher.py", "message": "Sending response to the ccx.ocp.results topic."}
{"levelname": "DEBUG", "asctime": "2020-03-19 09:52:50,176", "name": "controller.publisher", "filename": "publisher.py", "message": "Message has been sent successfully."}
{"levelname": "INFO", "asctime": "2020-03-19 09:52:50,176", "name": "controller.publisher", "filename": "publisher.py", "message": "Status: Success; Topic: platform.upload.buckit; Partition: 5; Offset: 14; LastChecked: 2020-03-19T09:52:47.111539916Z"}
{"levelname": "DEBUG", "asctime": "2020-03-19 09:53:19,911", "name": "controller.consumer", "filename": "consumer.py", "message": "JSON schema validated"}
{"levelname": "DEBUG", "asctime": "2020-03-19 09:53:19,912", "name": "controller.consumer", "filename": "consumer.py", "message": "Identity schema validated"}
{"levelname": "DEBUG", "asctime": "2020-03-19 09:53:19,912", "name": "controller.consumer", "filename": "consumer.py", "message": "Extracted URL from input message: https://insights-dev-upload-perm.s3.minio.local.net"}
{"levelname": "DEBUG", "asctime": "2020-03-19 09:53:19,912", "name": "insights_messaging.consumers", "filename": "__init__.py", "message": "Downloading https://insights-dev-upload-perm.s3.minio.local.net"}
{"levelname": "DEBUG", "asctime": "2020-03-19 09:53:19,979", "name": "insights_messaging.consumers", "filename": "__init__.py", "message": "Saved https://insights-dev-upload-perm.s3.minio.local.net"}
{"levelname": "DEBUG", "asctime": "2020-03-19 09:53:22,281", "name": "controller.publisher", "filename": "publisher.py", "message": "Sending response to the ccx.ocp.results topic."}
{"levelname": "DEBUG", "asctime": "2020-03-19 09:53:22,281", "name": "controller.publisher", "filename": "publisher.py", "message": "Message has been sent successfully."}
{"levelname": "INFO", "asctime": "2020-03-19 09:53:22,281", "name": "controller.publisher", "filename": "publisher.py", "message": "Status: Success; Topic: platform.upload.buckit; Partition: 6; Offset: 12; LastChecked: 2020-03-19T09:53:18.896785896Z"}
{"levelname": "DEBUG", "asctime": "2020-03-19 09:53:25,686", "name": "controller.consumer", "filename": "consumer.py", "message": "JSON schema validated"}
{"levelname": "DEBUG", "asctime": "2020-03-19 09:53:25,687", "name": "controller.consumer", "filename": "consumer.py", "message": "Identity schema validated"}
{"levelname": "DEBUG", "asctime": "2020-03-19 09:53:25,688", "name": "controller.consumer", "filename": "consumer.py", "message": "Extracted URL from input message: https://insights-dev-upload-perm.s3.minio.local.net"}
{"levelname": "DEBUG", "asctime": "2020-03-19 09:53:25,688", "name": "insights_messaging.consumers", "filename": "__init__.py", "message": "Downloading https://insights-dev-upload-perm.s3.minio.local.net"}
{"levelname": "DEBUG", "asctime": "2020-03-19 09:53:25,762", "name": "insights_messaging.consumers", "filename": "__init__.py", "message": "Saved https://insights-dev-upload-perm.s3.minio.local.net"}
{"levelname": "DEBUG", "asctime": "2020-03-19 09:53:27,685", "name": "controller.publisher", "filename": "publisher.py", "message": "Sending response to the ccx.ocp.results topic."}
{"levelname": "DEBUG", "asctime": "2020-03-19 09:53:27,686", "name": "controller.publisher", "filename": "publisher.py", "message": "Message has been sent successfully."}
{"levelname": "INFO", "asctime": "2020-03-19 09:53:27,686", "name": "controller.publisher", "filename": "publisher.py", "message": "Status: Success; Topic: platform.upload.buckit; Partition: 8; Offset: 12; LastChecked: 2020-03-19T09:53:23.511333958Z"}
{"levelname": "DEBUG", "asctime": "2020-03-19 09:53:30,623", "name": "controller.consumer", "filename": "consumer.py", "message": "JSON schema validated"}
{"levelname": "DEBUG", "asctime": "2020-03-19 09:53:30,624", "name": "controller.consumer", "filename": "consumer.py", "message": "Identity schema validated"}
{"levelname": "DEBUG", "asctime": "2020-03-19 09:53:30,624", "name": "controller.consumer", "filename": "consumer.py", "message": "Extracted URL from input message: https://insights-dev-upload-perm.s3.minio.local.net"}
{"levelname": "DEBUG", "asctime": "2020-03-19 09:53:30,625", "name": "insights_messaging.consumers", "filename": "__init__.py", "message": "Downloading https://insights-dev-upload-perm.s3.minio.local.net"}
{"levelname": "DEBUG", "asctime": "2020-03-19 09:53:30,734", "name": "insights_messaging.consumers", "filename": "__init__.py", "message": "Saved https://insights-dev-upload-perm.s3.minio.local.net"}
{"levelname": "DEBUG", "asctime": "2020-03-19 09:53:32,775", "name": "controller.publisher", "filename": "publisher.py", "message": "Sending response to the ccx.ocp.results topic."}
{"levelname": "DEBUG", "asctime": "2020-03-19 09:53:32,776", "name": "controller.publisher", "filename": "publisher.py", "message": "Message has been sent successfully."}
{"levelname": "INFO", "asctime": "2020-03-19 09:53:32,776", "name": "controller.publisher", "filename": "publisher.py", "message": "Status: Success; Topic: platform.upload.buckit; Partition: 9; Offset: 12; LastChecked: 2020-03-19T09:53:29.608045951Z"}
